#
# There is insufficient memory for the Java Runtime Environment to continue.
# Native memory allocation (malloc) failed to allocate 1872128 bytes. Error detail: Chunk::new
# Possible reasons:
#   The system is out of physical RAM or swap space
#   This process is running with CompressedOops enabled, and the Java Heap may be blocking the growth of the native heap
# Possible solutions:
#   Reduce memory load on the system
#   Increase physical memory or swap space
#   Check if swap backing store is full
#   Decrease Java heap size (-Xmx/-Xms)
#   Decrease number of Java threads
#   Decrease Java thread stack sizes (-Xss)
#   Set larger code cache with -XX:ReservedCodeCacheSize=
#   JVM is running with Unscaled Compressed Oops mode in which the Java heap is
#     placed in the first 4GB address space. The Java Heap base address is the
#     maximum limit for the native heap growth. Please use -XX:HeapBaseMinAddress
#     to set the Java Heap base and to place the Java Heap above 4GB virtual address.
# This output file may be truncated or incomplete.
#
#  Out of Memory Error (arena.cpp:191), pid=11680, tid=18844
#
# JRE version: OpenJDK Runtime Environment (17.0.11) (build 17.0.11+0--11852314)
# Java VM: OpenJDK 64-Bit Server VM (17.0.11+0--11852314, mixed mode, tiered, compressed oops, compressed class ptrs, g1 gc, windows-amd64)
# No core dump will be written. Minidumps are not enabled by default on client versions of Windows
#

---------------  S U M M A R Y ------------

Command Line: -XX:MaxMetaspaceSize=512m --add-opens=java.base/java.util=ALL-UNNAMED --add-opens=java.base/java.lang=ALL-UNNAMED --add-opens=java.base/java.lang.invoke=ALL-UNNAMED --add-opens=java.prefs/java.util.prefs=ALL-UNNAMED --add-opens=java.base/java.nio.charset=ALL-UNNAMED --add-opens=java.base/java.net=ALL-UNNAMED --add-opens=java.base/java.util.concurrent.atomic=ALL-UNNAMED -Xmx2048m -Dfile.encoding=windows-1252 -Duser.country=IN -Duser.language=en -Duser.variant -javaagent:C:\Users\anbu2\.gradle\wrapper\dists\gradle-8.6-all\3mbtmo166bl6vumsh5k2lkq5h\gradle-8.6\lib\agents\gradle-instrumentation-agent-8.6.jar org.gradle.launcher.daemon.bootstrap.GradleDaemon 8.6

Host: 11th Gen Intel(R) Core(TM) i5-1135G7 @ 2.40GHz, 8 cores, 15G,  Windows 11 , 64 bit Build 22621 (10.0.22621.3958)
Time: Tue Sep 24 16:24:07 2024 India Standard Time elapsed time: 5.728829 seconds (0d 0h 0m 5s)

---------------  T H R E A D  ---------------

Current thread (0x0000020106beabe0):  JavaThread "C2 CompilerThread1" daemon [_thread_in_native, id=18844, stack(0x000000d927c00000,0x000000d927d00000)]


Current CompileTask:
C2:   5729 2241   !   4       java.lang.ClassLoader::loadClass (121 bytes)

Stack: [0x000000d927c00000,0x000000d927d00000]
Native frames: (J=compiled Java code, j=interpreted, Vv=VM code, C=native code)
V  [jvm.dll+0x687bb9]
V  [jvm.dll+0x84142a]
V  [jvm.dll+0x8430ae]
V  [jvm.dll+0x843713]
V  [jvm.dll+0x24a35f]
V  [jvm.dll+0xac544]
V  [jvm.dll+0xacb8c]
V  [jvm.dll+0x369c37]
V  [jvm.dll+0x1be312]
V  [jvm.dll+0x21c029]
V  [jvm.dll+0x21b311]
V  [jvm.dll+0x1a63ed]
V  [jvm.dll+0x22b1ee]
V  [jvm.dll+0x229375]
V  [jvm.dll+0x7f5647]
V  [jvm.dll+0x7efa4a]
V  [jvm.dll+0x686a35]
C  [ucrtbase.dll+0x29333]
C  [KERNEL32.DLL+0x1257d]
C  [ntdll.dll+0x5af28]


---------------  P R O C E S S  ---------------

Threads class SMR info:
_java_thread_list=0x00000201070a1700, length=26, elements={
0x00000201616cbaa0, 0x0000020104068010, 0x00000201040689e0, 0x00000201040a2a00,
0x00000201040a34d0, 0x00000201040a5fa0, 0x00000201040a7100, 0x00000201040aa650,
0x00000201040afef0, 0x00000201040c1850, 0x00000201042649b0, 0x0000020104264ec0,
0x0000020104266300, 0x0000020104266810, 0x0000020104263060, 0x00000201042653d0,
0x0000020104263570, 0x00000201042658e0, 0x0000020104265df0, 0x0000020104263a80,
0x0000020104263f90, 0x00000201042644a0, 0x0000020105be1250, 0x0000020105bde4c0,
0x0000020106beabe0, 0x0000020105bdf3f0
}

Java Threads: ( => current thread )
  0x00000201616cbaa0 JavaThread "main" [_thread_blocked, id=2336, stack(0x000000d925500000,0x000000d925600000)]
  0x0000020104068010 JavaThread "Reference Handler" daemon [_thread_blocked, id=16280, stack(0x000000d925c00000,0x000000d925d00000)]
  0x00000201040689e0 JavaThread "Finalizer" daemon [_thread_blocked, id=7504, stack(0x000000d925d00000,0x000000d925e00000)]
  0x00000201040a2a00 JavaThread "Signal Dispatcher" daemon [_thread_blocked, id=12744, stack(0x000000d925e00000,0x000000d925f00000)]
  0x00000201040a34d0 JavaThread "Attach Listener" daemon [_thread_blocked, id=18680, stack(0x000000d925f00000,0x000000d926000000)]
  0x00000201040a5fa0 JavaThread "Service Thread" daemon [_thread_blocked, id=9892, stack(0x000000d926000000,0x000000d926100000)]
  0x00000201040a7100 JavaThread "Monitor Deflation Thread" daemon [_thread_blocked, id=16316, stack(0x000000d926100000,0x000000d926200000)]
  0x00000201040aa650 JavaThread "C2 CompilerThread0" daemon [_thread_blocked, id=6696, stack(0x000000d926200000,0x000000d926300000)]
  0x00000201040afef0 JavaThread "C1 CompilerThread0" daemon [_thread_blocked, id=16360, stack(0x000000d926300000,0x000000d926400000)]
  0x00000201040c1850 JavaThread "Sweeper thread" daemon [_thread_blocked, id=9376, stack(0x000000d926400000,0x000000d926500000)]
  0x00000201042649b0 JavaThread "Common-Cleaner" daemon [_thread_blocked, id=5776, stack(0x000000d926500000,0x000000d926600000)]
  0x0000020104264ec0 JavaThread "Notification Thread" daemon [_thread_blocked, id=3664, stack(0x000000d926600000,0x000000d926700000)]
  0x0000020104266300 JavaThread "Daemon health stats" [_thread_blocked, id=6000, stack(0x000000d926900000,0x000000d926a00000)]
  0x0000020104266810 JavaThread "Incoming local TCP Connector on port 52192" [_thread_in_native, id=2236, stack(0x000000d926800000,0x000000d926900000)]
  0x0000020104263060 JavaThread "Daemon periodic checks" [_thread_blocked, id=10524, stack(0x000000d926f00000,0x000000d927000000)]
  0x00000201042653d0 JavaThread "Daemon" [_thread_blocked, id=2176, stack(0x000000d927000000,0x000000d927100000)]
  0x0000020104263570 JavaThread "Handler for socket connection from /127.0.0.1:52192 to /127.0.0.1:52193" [_thread_in_native, id=10148, stack(0x000000d927100000,0x000000d927200000)]
  0x00000201042658e0 JavaThread "Cancel handler" [_thread_blocked, id=9948, stack(0x000000d927200000,0x000000d927300000)]
  0x0000020104265df0 JavaThread "Daemon worker" [_thread_in_vm, id=8104, stack(0x000000d927300000,0x000000d927400000)]
  0x0000020104263a80 JavaThread "Asynchronous log dispatcher for DefaultDaemonConnection: socket connection from /127.0.0.1:52192 to /127.0.0.1:52193" [_thread_blocked, id=17028, stack(0x000000d927400000,0x000000d927500000)]
  0x0000020104263f90 JavaThread "Stdin handler" [_thread_blocked, id=6228, stack(0x000000d927500000,0x000000d927600000)]
  0x00000201042644a0 JavaThread "Daemon client event forwarder" [_thread_blocked, id=12796, stack(0x000000d927600000,0x000000d927700000)]
  0x0000020105be1250 JavaThread "Cache worker for journal cache (C:\Users\anbu2\.gradle\caches\journal-1)" [_thread_blocked, id=11292, stack(0x000000d927a00000,0x000000d927b00000)]
  0x0000020105bde4c0 JavaThread "File lock request listener" [_thread_in_native, id=4752, stack(0x000000d927b00000,0x000000d927c00000)]
=>0x0000020106beabe0 JavaThread "C2 CompilerThread1" daemon [_thread_in_native, id=18844, stack(0x000000d927c00000,0x000000d927d00000)]
  0x0000020105bdf3f0 JavaThread "Cache worker for file hash cache (C:\Users\anbu2\.gradle\caches\8.6\fileHashes)" [_thread_blocked, id=16976, stack(0x000000d927d00000,0x000000d927e00000)]

Other Threads:
  0x000002010403ad30 VMThread "VM Thread" [stack: 0x000000d925b00000,0x000000d925c00000] [id=19196]
  0x00000201616cc920 WatcherThread [stack: 0x000000d926700000,0x000000d926800000] [id=3656]
  0x000002016172d150 GCTaskThread "GC Thread#0" [stack: 0x000000d925600000,0x000000d925700000] [id=6260]
  0x00000201050777f0 GCTaskThread "GC Thread#1" [stack: 0x000000d926a00000,0x000000d926b00000] [id=12656]
  0x0000020104f00aa0 GCTaskThread "GC Thread#2" [stack: 0x000000d926b00000,0x000000d926c00000] [id=19368]
  0x0000020104b22780 GCTaskThread "GC Thread#3" [stack: 0x000000d926c00000,0x000000d926d00000] [id=12932]
  0x0000020104b22a40 GCTaskThread "GC Thread#4" [stack: 0x000000d926d00000,0x000000d926e00000] [id=10012]
  0x0000020104675ed0 GCTaskThread "GC Thread#5" [stack: 0x000000d926e00000,0x000000d926f00000] [id=4388]
  0x00000201057a6560 GCTaskThread "GC Thread#6" [stack: 0x000000d927700000,0x000000d927800000] [id=4728]
  0x0000020105b43200 GCTaskThread "GC Thread#7" [stack: 0x000000d927800000,0x000000d927900000] [id=6936]
  0x000002016173e0a0 ConcurrentGCThread "G1 Main Marker" [stack: 0x000000d925700000,0x000000d925800000] [id=7440]
  0x000002016173eac0 ConcurrentGCThread "G1 Conc#0" [stack: 0x000000d925800000,0x000000d925900000] [id=5092]
  0x0000020106885450 ConcurrentGCThread "G1 Conc#1" [stack: 0x000000d927900000,0x000000d927a00000] [id=2780]
  0x000002017b3e89b0 ConcurrentGCThread "G1 Refine#0" [stack: 0x000000d925900000,0x000000d925a00000] [id=12164]
  0x000002017b3e92f0 ConcurrentGCThread "G1 Service" [stack: 0x000000d925a00000,0x000000d925b00000] [id=13264]

Threads with active compile tasks:
C2 CompilerThread1     5760 2241   !   4       java.lang.ClassLoader::loadClass (121 bytes)

VM state: not at safepoint (normal execution)

VM Mutex/Monitor currently owned by a thread: None

Heap address: 0x0000000080000000, size: 2048 MB, Compressed Oops mode: 32-bit

CDS archive(s) not mapped
Compressed class space mapped at: 0x0000000100000000-0x000000011a000000, reserved size: 436207616
Narrow klass base: 0x0000000000000000, Narrow klass shift: 3, Narrow klass range: 0x11a000000

GC Precious Log:
 CPUs: 8 total, 8 available
 Memory: 16167M
 Large Page Support: Disabled
 NUMA Support: Disabled
 Compressed Oops: Enabled (32-bit)
 Heap Region Size: 1M
 Heap Min Capacity: 8M
 Heap Initial Capacity: 254M
 Heap Max Capacity: 2G
 Pre-touch: Disabled
 Parallel Workers: 8
 Concurrent Workers: 2
 Concurrent Refinement Workers: 8
 Periodic GC: Disabled

Heap:
 garbage-first heap   total 71680K, used 40735K [0x0000000080000000, 0x0000000100000000)
  region size 1024K, 32 young (32768K), 9 survivors (9216K)
 Metaspace       used 24964K, committed 25280K, reserved 491520K
  class space    used 3130K, committed 3264K, reserved 425984K

Heap Regions: E=young(eden), S=young(survivor), O=old, HS=humongous(starts), HC=humongous(continues), CS=collection set, F=free, OA=open archive, CA=closed archive, TAMS=top-at-mark-start (previous, next)
|   0|0x0000000080000000, 0x0000000080100000, 0x0000000080100000|100%|HS|  |TAMS 0x0000000080100000, 0x0000000080000000| Complete 
|   1|0x0000000080100000, 0x0000000080200000, 0x0000000080200000|100%|HC|  |TAMS 0x0000000080200000, 0x0000000080100000| Complete 
|   2|0x0000000080200000, 0x0000000080300000, 0x0000000080300000|100%|HC|  |TAMS 0x0000000080300000, 0x0000000080200000| Complete 
|   3|0x0000000080300000, 0x0000000080400000, 0x0000000080400000|100%|HC|  |TAMS 0x0000000080400000, 0x0000000080300000| Complete 
|   4|0x0000000080400000, 0x0000000080500000, 0x0000000080500000|100%| O|  |TAMS 0x0000000080500000, 0x0000000080400000| Untracked 
|   5|0x0000000080500000, 0x0000000080600000, 0x0000000080600000|100%| O|  |TAMS 0x0000000080600000, 0x0000000080500000| Untracked 
|   6|0x0000000080600000, 0x0000000080700000, 0x0000000080700000|100%| O|  |TAMS 0x0000000080700000, 0x0000000080600000| Untracked 
|   7|0x0000000080700000, 0x0000000080800000, 0x0000000080800000|100%| O|  |TAMS 0x0000000080800000, 0x0000000080700000| Untracked 
|   8|0x0000000080800000, 0x0000000080900000, 0x0000000080900000|100%| O|  |TAMS 0x0000000080900000, 0x0000000080800000| Untracked 
|   9|0x0000000080900000, 0x0000000080a00000, 0x0000000080a00000|100%| O|  |TAMS 0x0000000080a00000, 0x0000000080900000| Untracked 
|  10|0x0000000080a00000, 0x0000000080ab0600, 0x0000000080b00000| 68%| O|  |TAMS 0x0000000080ab0600, 0x0000000080a00000| Untracked 
|  11|0x0000000080b00000, 0x0000000080b00000, 0x0000000080c00000|  0%| F|  |TAMS 0x0000000080b00000, 0x0000000080b00000| Untracked 
|  12|0x0000000080c00000, 0x0000000080c00000, 0x0000000080d00000|  0%| F|  |TAMS 0x0000000080c00000, 0x0000000080c00000| Untracked 
|  13|0x0000000080d00000, 0x0000000080d00000, 0x0000000080e00000|  0%| F|  |TAMS 0x0000000080d00000, 0x0000000080d00000| Untracked 
|  14|0x0000000080e00000, 0x0000000080e00000, 0x0000000080f00000|  0%| F|  |TAMS 0x0000000080e00000, 0x0000000080e00000| Untracked 
|  15|0x0000000080f00000, 0x0000000080f00000, 0x0000000081000000|  0%| F|  |TAMS 0x0000000080f00000, 0x0000000080f00000| Untracked 
|  16|0x0000000081000000, 0x0000000081000000, 0x0000000081100000|  0%| F|  |TAMS 0x0000000081000000, 0x0000000081000000| Untracked 
|  17|0x0000000081100000, 0x0000000081100000, 0x0000000081200000|  0%| F|  |TAMS 0x0000000081100000, 0x0000000081100000| Untracked 
|  18|0x0000000081200000, 0x0000000081200000, 0x0000000081300000|  0%| F|  |TAMS 0x0000000081200000, 0x0000000081200000| Untracked 
|  19|0x0000000081300000, 0x0000000081300000, 0x0000000081400000|  0%| F|  |TAMS 0x0000000081300000, 0x0000000081300000| Untracked 
|  20|0x0000000081400000, 0x0000000081400000, 0x0000000081500000|  0%| F|  |TAMS 0x0000000081400000, 0x0000000081400000| Untracked 
|  21|0x0000000081500000, 0x0000000081500000, 0x0000000081600000|  0%| F|  |TAMS 0x0000000081500000, 0x0000000081500000| Untracked 
|  22|0x0000000081600000, 0x0000000081600000, 0x0000000081700000|  0%| F|  |TAMS 0x0000000081600000, 0x0000000081600000| Untracked 
|  23|0x0000000081700000, 0x0000000081700000, 0x0000000081800000|  0%| F|  |TAMS 0x0000000081700000, 0x0000000081700000| Untracked 
|  24|0x0000000081800000, 0x0000000081800000, 0x0000000081900000|  0%| F|  |TAMS 0x0000000081800000, 0x0000000081800000| Untracked 
|  25|0x0000000081900000, 0x0000000081900000, 0x0000000081a00000|  0%| F|  |TAMS 0x0000000081900000, 0x0000000081900000| Untracked 
|  26|0x0000000081a00000, 0x0000000081a00000, 0x0000000081b00000|  0%| F|  |TAMS 0x0000000081a00000, 0x0000000081a00000| Untracked 
|  27|0x0000000081b00000, 0x0000000081b00000, 0x0000000081c00000|  0%| F|  |TAMS 0x0000000081b00000, 0x0000000081b00000| Untracked 
|  28|0x0000000081c00000, 0x0000000081c00000, 0x0000000081d00000|  0%| F|  |TAMS 0x0000000081c00000, 0x0000000081c00000| Untracked 
|  29|0x0000000081d00000, 0x0000000081d00000, 0x0000000081e00000|  0%| F|  |TAMS 0x0000000081d00000, 0x0000000081d00000| Untracked 
|  30|0x0000000081e00000, 0x0000000081e00000, 0x0000000081f00000|  0%| F|  |TAMS 0x0000000081e00000, 0x0000000081e00000| Untracked 
|  31|0x0000000081f00000, 0x0000000081f00000, 0x0000000082000000|  0%| F|  |TAMS 0x0000000081f00000, 0x0000000081f00000| Untracked 
|  32|0x0000000082000000, 0x0000000082000000, 0x0000000082100000|  0%| F|  |TAMS 0x0000000082000000, 0x0000000082000000| Untracked 
|  33|0x0000000082100000, 0x0000000082100000, 0x0000000082200000|  0%| F|  |TAMS 0x0000000082100000, 0x0000000082100000| Untracked 
|  34|0x0000000082200000, 0x0000000082200000, 0x0000000082300000|  0%| F|  |TAMS 0x0000000082200000, 0x0000000082200000| Untracked 
|  35|0x0000000082300000, 0x0000000082300000, 0x0000000082400000|  0%| F|  |TAMS 0x0000000082300000, 0x0000000082300000| Untracked 
|  36|0x0000000082400000, 0x0000000082400000, 0x0000000082500000|  0%| F|  |TAMS 0x0000000082400000, 0x0000000082400000| Untracked 
|  37|0x0000000082500000, 0x0000000082500000, 0x0000000082600000|  0%| F|  |TAMS 0x0000000082500000, 0x0000000082500000| Untracked 
|  38|0x0000000082600000, 0x0000000082683ae8, 0x0000000082700000| 51%| E|  |TAMS 0x0000000082600000, 0x0000000082600000| Complete 
|  39|0x0000000082700000, 0x0000000082800000, 0x0000000082800000|100%| E|  |TAMS 0x0000000082700000, 0x0000000082700000| Complete 
|  40|0x0000000082800000, 0x0000000082900000, 0x0000000082900000|100%| E|CS|TAMS 0x0000000082800000, 0x0000000082800000| Complete 
|  41|0x0000000082900000, 0x0000000082a00000, 0x0000000082a00000|100%| E|CS|TAMS 0x0000000082900000, 0x0000000082900000| Complete 
|  42|0x0000000082a00000, 0x0000000082b00000, 0x0000000082b00000|100%| E|CS|TAMS 0x0000000082a00000, 0x0000000082a00000| Complete 
|  43|0x0000000082b00000, 0x0000000082c00000, 0x0000000082c00000|100%| E|CS|TAMS 0x0000000082b00000, 0x0000000082b00000| Complete 
|  44|0x0000000082c00000, 0x0000000082d00000, 0x0000000082d00000|100%| E|CS|TAMS 0x0000000082c00000, 0x0000000082c00000| Complete 
|  45|0x0000000082d00000, 0x0000000082e00000, 0x0000000082e00000|100%| E|CS|TAMS 0x0000000082d00000, 0x0000000082d00000| Complete 
|  46|0x0000000082e00000, 0x0000000082f00000, 0x0000000082f00000|100%| E|CS|TAMS 0x0000000082e00000, 0x0000000082e00000| Complete 
|  47|0x0000000082f00000, 0x0000000083000000, 0x0000000083000000|100%| E|CS|TAMS 0x0000000082f00000, 0x0000000082f00000| Complete 
|  48|0x0000000083000000, 0x0000000083100000, 0x0000000083100000|100%| E|CS|TAMS 0x0000000083000000, 0x0000000083000000| Complete 
|  49|0x0000000083100000, 0x0000000083200000, 0x0000000083200000|100%| E|CS|TAMS 0x0000000083100000, 0x0000000083100000| Complete 
|  50|0x0000000083200000, 0x0000000083300000, 0x0000000083300000|100%| E|CS|TAMS 0x0000000083200000, 0x0000000083200000| Complete 
|  51|0x0000000083300000, 0x0000000083400000, 0x0000000083400000|100%| E|CS|TAMS 0x0000000083300000, 0x0000000083300000| Complete 
|  52|0x0000000083400000, 0x0000000083500000, 0x0000000083500000|100%| E|CS|TAMS 0x0000000083400000, 0x0000000083400000| Complete 
|  53|0x0000000083500000, 0x0000000083600000, 0x0000000083600000|100%| E|CS|TAMS 0x0000000083500000, 0x0000000083500000| Complete 
|  54|0x0000000083600000, 0x0000000083700000, 0x0000000083700000|100%| E|CS|TAMS 0x0000000083600000, 0x0000000083600000| Complete 
|  55|0x0000000083700000, 0x0000000083800000, 0x0000000083800000|100%| E|CS|TAMS 0x0000000083700000, 0x0000000083700000| Complete 
|  56|0x0000000083800000, 0x0000000083900000, 0x0000000083900000|100%| E|CS|TAMS 0x0000000083800000, 0x0000000083800000| Complete 
|  57|0x0000000083900000, 0x0000000083a00000, 0x0000000083a00000|100%| E|CS|TAMS 0x0000000083900000, 0x0000000083900000| Complete 
|  58|0x0000000083a00000, 0x0000000083b00000, 0x0000000083b00000|100%| E|CS|TAMS 0x0000000083a00000, 0x0000000083a00000| Complete 
|  59|0x0000000083b00000, 0x0000000083c00000, 0x0000000083c00000|100%| E|CS|TAMS 0x0000000083b00000, 0x0000000083b00000| Complete 
| 196|0x000000008c400000, 0x000000008c417818, 0x000000008c500000|  9%| S|CS|TAMS 0x000000008c400000, 0x000000008c400000| Complete 
| 197|0x000000008c500000, 0x000000008c600000, 0x000000008c600000|100%| S|CS|TAMS 0x000000008c500000, 0x000000008c500000| Complete 
| 198|0x000000008c600000, 0x000000008c700000, 0x000000008c700000|100%| S|CS|TAMS 0x000000008c600000, 0x000000008c600000| Complete 
| 199|0x000000008c700000, 0x000000008c800000, 0x000000008c800000|100%| S|CS|TAMS 0x000000008c700000, 0x000000008c700000| Complete 
| 200|0x000000008c800000, 0x000000008c900000, 0x000000008c900000|100%| S|CS|TAMS 0x000000008c800000, 0x000000008c800000| Complete 
| 201|0x000000008c900000, 0x000000008ca00000, 0x000000008ca00000|100%| S|CS|TAMS 0x000000008c900000, 0x000000008c900000| Complete 
| 202|0x000000008ca00000, 0x000000008cb00000, 0x000000008cb00000|100%| S|CS|TAMS 0x000000008ca00000, 0x000000008ca00000| Complete 
| 203|0x000000008cb00000, 0x000000008cc00000, 0x000000008cc00000|100%| S|CS|TAMS 0x000000008cb00000, 0x000000008cb00000| Complete 
| 204|0x000000008cc00000, 0x000000008cd00000, 0x000000008cd00000|100%| S|CS|TAMS 0x000000008cc00000, 0x000000008cc00000| Complete 
| 253|0x000000008fd00000, 0x000000008fe00000, 0x000000008fe00000|100%| E|CS|TAMS 0x000000008fd00000, 0x000000008fd00000| Complete 

Card table byte_map: [0x00000201742d0000,0x00000201746d0000] _byte_map_base: 0x0000020173ed0000

Marking Bits (Prev, Next): (CMBitMap*) 0x000002016172d7b0, (CMBitMap*) 0x000002016172d770
 Prev Bits: [0x0000020176ad0000, 0x0000020178ad0000)
 Next Bits: [0x0000020174ad0000, 0x0000020176ad0000)

Polling page: 0x000002015f5f0000

Metaspace:

Usage:
  Non-class:     21.35 MB used.
      Class:      3.06 MB used.
       Both:     24.40 MB used.

Virtual space:
  Non-class space:       64.00 MB reserved,      21.50 MB ( 34%) committed,  1 nodes.
      Class space:      416.00 MB reserved,       3.19 MB ( <1%) committed,  1 nodes.
             Both:      480.00 MB reserved,      24.69 MB (  5%) committed. 

Chunk freelists:
   Non-Class:  10.33 MB
       Class:  12.80 MB
        Both:  23.12 MB

MaxMetaspaceSize: 512.00 MB
CompressedClassSpaceSize: 416.00 MB
Initial GC threshold: 21.00 MB
Current GC threshold: 35.12 MB
CDS: off
MetaspaceReclaimPolicy: balanced
 - commit_granule_bytes: 65536.
 - commit_granule_words: 8192.
 - virtual_space_node_default_size: 8388608.
 - enlarge_chunks_in_place: 1.
 - new_chunks_are_fully_committed: 0.
 - uncommit_free_chunks: 1.
 - use_allocation_guard: 0.
 - handle_deallocations: 1.


Internal statistics:

num_allocs_failed_limit: 3.
num_arena_births: 204.
num_arena_deaths: 0.
num_vsnodes_births: 2.
num_vsnodes_deaths: 0.
num_space_committed: 395.
num_space_uncommitted: 0.
num_chunks_returned_to_freelist: 3.
num_chunks_taken_from_freelist: 731.
num_chunk_merges: 3.
num_chunk_splits: 479.
num_chunks_enlarged: 363.
num_inconsistent_stats: 0.

CodeHeap 'non-profiled nmethods': size=120000Kb used=1189Kb max_used=1189Kb free=118810Kb
 bounds [0x000002016c670000, 0x000002016c8e0000, 0x0000020173ba0000]
CodeHeap 'profiled nmethods': size=120000Kb used=4647Kb max_used=4647Kb free=115352Kb
 bounds [0x0000020164ba0000, 0x0000020165030000, 0x000002016c0d0000]
CodeHeap 'non-nmethods': size=5760Kb used=1234Kb max_used=1275Kb free=4525Kb
 bounds [0x000002016c0d0000, 0x000002016c340000, 0x000002016c670000]
 total_blobs=2802 nmethods=2275 adapters=439
 compilation: enabled
              stopped_count=0, restarted_count=0
 full_count=0

Compilation events (20 events):
Event: 5.504 Thread 0x00000201040aa650 nmethod 2261 0x000002016c78ff90 code [0x000002016c790100, 0x000002016c790198]
Event: 5.505 Thread 0x00000201040aa650 2262   !   4       java.security.AccessController::doPrivileged (26 bytes)
Event: 5.509 Thread 0x00000201040aa650 nmethod 2262 0x000002016c790290 code [0x000002016c790440, 0x000002016c790608]
Event: 5.530 Thread 0x00000201040aa650 2265       4       java.util.HashMap$KeyIterator::next (8 bytes)
Event: 5.542 Thread 0x00000201040afef0 2267       3       jdk.internal.org.objectweb.asm.SymbolTable::addConstantString (8 bytes)
Event: 5.542 Thread 0x00000201040afef0 nmethod 2267 0x0000020165027210 code [0x00000201650273a0, 0x00000201650274e8]
Event: 5.543 Thread 0x00000201040afef0 2268       3       java.lang.invoke.MethodHandles$Lookup$ClassFile::readUnsignedShort (39 bytes)
Event: 5.543 Thread 0x00000201040afef0 nmethod 2268 0x0000020165027590 code [0x0000020165027740, 0x0000020165027948]
Event: 5.545 Thread 0x00000201040aa650 nmethod 2265 0x000002016c791110 code [0x000002016c7912a0, 0x000002016c791678]
Event: 5.565 Thread 0x00000201040aa650 2269       4       java.util.LinkedHashMap::get (29 bytes)
Event: 5.570 Thread 0x00000201040afef0 2270       3       java.lang.invoke.VarHandleReferences$FieldInstanceReadWrite::compareAndSet (48 bytes)
Event: 5.572 Thread 0x00000201040afef0 nmethod 2270 0x0000020165027a90 code [0x0000020165027d00, 0x0000020165028748]
Event: 5.574 Thread 0x00000201040aa650 nmethod 2269 0x000002016c791810 code [0x000002016c7919c0, 0x000002016c792058]
Event: 5.600 Thread 0x00000201040aa650 2271   !   4       java.util.zip.InflaterInputStream::read (138 bytes)
Event: 5.639 Thread 0x00000201040afef0 2275       3       java.lang.invoke.DirectMethodHandle$Constructor::<init> (44 bytes)
Event: 5.639 Thread 0x00000201040afef0 nmethod 2275 0x0000020165028b10 code [0x0000020165028cc0, 0x0000020165028ee8]
Event: 5.701 Thread 0x00000201040aa650 nmethod 2271 0x000002016c792410 code [0x000002016c7926c0, 0x000002016c7957b0]
Event: 5.701 Thread 0x00000201040aa650 2274       4       java.util.WeakHashMap::remove (131 bytes)
Event: 5.715 Thread 0x00000201040afef0 2276       3       java.util.concurrent.locks.ReentrantLock::unlock (10 bytes)
Event: 5.715 Thread 0x00000201040afef0 nmethod 2276 0x0000020165028f90 code [0x0000020165029160, 0x0000020165029438]

GC Heap History (6 events):
Event: 1.530 GC heap before
{Heap before GC invocations=0 (full 0):
 garbage-first heap   total 260096K, used 26624K [0x0000000080000000, 0x0000000100000000)
  region size 1024K, 23 young (23552K), 0 survivors (0K)
 Metaspace       used 10498K, committed 10624K, reserved 491520K
  class space    used 1094K, committed 1152K, reserved 425984K
}
Event: 1.537 GC heap after
{Heap after GC invocations=1 (full 0):
 garbage-first heap   total 260096K, used 10485K [0x0000000080000000, 0x0000000100000000)
  region size 1024K, 3 young (3072K), 3 survivors (3072K)
 Metaspace       used 10498K, committed 10624K, reserved 491520K
  class space    used 1094K, committed 1152K, reserved 425984K
}
Event: 2.103 GC heap before
{Heap before GC invocations=1 (full 0):
 garbage-first heap   total 260096K, used 39157K [0x0000000080000000, 0x0000000100000000)
  region size 1024K, 31 young (31744K), 3 survivors (3072K)
 Metaspace       used 11471K, committed 11648K, reserved 491520K
  class space    used 1201K, committed 1280K, reserved 425984K
}
Event: 2.108 GC heap after
{Heap after GC invocations=2 (full 0):
 garbage-first heap   total 260096K, used 11701K [0x0000000080000000, 0x0000000100000000)
  region size 1024K, 1 young (1024K), 1 survivors (1024K)
 Metaspace       used 11471K, committed 11648K, reserved 491520K
  class space    used 1201K, committed 1280K, reserved 425984K
}
Event: 4.473 GC heap before
{Heap before GC invocations=2 (full 0):
 garbage-first heap   total 260096K, used 59829K [0x0000000080000000, 0x0000000100000000)
  region size 1024K, 49 young (50176K), 1 survivors (1024K)
 Metaspace       used 21321K, committed 21504K, reserved 491520K
  class space    used 2513K, committed 2624K, reserved 425984K
}
Event: 4.489 GC heap after
{Heap after GC invocations=3 (full 0):
 garbage-first heap   total 260096K, used 19231K [0x0000000080000000, 0x0000000100000000)
  region size 1024K, 9 young (9216K), 9 survivors (9216K)
 Metaspace       used 21321K, committed 21504K, reserved 491520K
  class space    used 2513K, committed 2624K, reserved 425984K
}

Dll operation events (3 events):
Event: 0.015 Loaded shared library C:\Program Files\Android\Android Studio\jbr\bin\java.dll
Event: 0.290 Loaded shared library C:\Program Files\Android\Android Studio\jbr\bin\zip.dll
Event: 0.905 Loaded shared library C:\Program Files\Android\Android Studio\jbr\bin\verify.dll

Deoptimization events (20 events):
Event: 4.409 Thread 0x0000020104265df0 Uncommon trap: trap_request=0xffffff45 fr.pc=0x000002016c751ae0 relative=0x0000000000000240
Event: 4.409 Thread 0x0000020104265df0 Uncommon trap: reason=unstable_if action=reinterpret pc=0x000002016c751ae0 method=java.util.concurrent.ConcurrentHashMap.get(Ljava/lang/Object;)Ljava/lang/Object; @ 76 c2
Event: 4.409 Thread 0x0000020104265df0 DEOPT PACKING pc=0x000002016c751ae0 sp=0x000000d9273fbb60
Event: 4.409 Thread 0x0000020104265df0 DEOPT UNPACKING pc=0x000002016c12a1a3 sp=0x000000d9273fbad8 mode 2
Event: 4.600 Thread 0x0000020104265df0 Uncommon trap: trap_request=0xffffff45 fr.pc=0x000002016c7453b8 relative=0x0000000000000198
Event: 4.600 Thread 0x0000020104265df0 Uncommon trap: reason=unstable_if action=reinterpret pc=0x000002016c7453b8 method=java.util.WeakHashMap.expungeStaleEntries()V @ 9 c2
Event: 4.600 Thread 0x0000020104265df0 DEOPT PACKING pc=0x000002016c7453b8 sp=0x000000d9273fb450
Event: 4.600 Thread 0x0000020104265df0 DEOPT UNPACKING pc=0x000002016c12a1a3 sp=0x000000d9273fb3e8 mode 2
Event: 5.258 Thread 0x0000020104265df0 Uncommon trap: trap_request=0xffffff45 fr.pc=0x000002016c692b14 relative=0x0000000000000b94
Event: 5.258 Thread 0x0000020104265df0 Uncommon trap: reason=unstable_if action=reinterpret pc=0x000002016c692b14 method=java.io.WinNTFileSystem.resolve(Ljava/lang/String;Ljava/lang/String;)Ljava/lang/String; @ 19 c2
Event: 5.258 Thread 0x0000020104265df0 DEOPT PACKING pc=0x000002016c692b14 sp=0x000000d9273fb9a0
Event: 5.258 Thread 0x0000020104265df0 DEOPT UNPACKING pc=0x000002016c12a1a3 sp=0x000000d9273fb948 mode 2
Event: 5.261 Thread 0x0000020104265df0 Uncommon trap: trap_request=0xffffff45 fr.pc=0x000002016c6eacd4 relative=0x0000000000000614
Event: 5.261 Thread 0x0000020104265df0 Uncommon trap: reason=unstable_if action=reinterpret pc=0x000002016c6eacd4 method=java.io.File.getName()Ljava/lang/String; @ 16 c2
Event: 5.261 Thread 0x0000020104265df0 DEOPT PACKING pc=0x000002016c6eacd4 sp=0x000000d9273fb940
Event: 5.261 Thread 0x0000020104265df0 DEOPT UNPACKING pc=0x000002016c12a1a3 sp=0x000000d9273fb910 mode 2
Event: 5.591 Thread 0x0000020104265df0 Uncommon trap: trap_request=0xffffff45 fr.pc=0x000002016c6fe0dc relative=0x000000000000073c
Event: 5.591 Thread 0x0000020104265df0 Uncommon trap: reason=unstable_if action=reinterpret pc=0x000002016c6fe0dc method=java.util.ArrayList.grow(I)[Ljava/lang/Object; @ 17 c2
Event: 5.591 Thread 0x0000020104265df0 DEOPT PACKING pc=0x000002016c6fe0dc sp=0x000000d9273fd2a0
Event: 5.591 Thread 0x0000020104265df0 DEOPT UNPACKING pc=0x000002016c12a1a3 sp=0x000000d9273fd138 mode 2

Classes unloaded (0 events):
No events

Classes redefined (0 events):
No events

Internal exceptions (20 events):
Event: 4.305 Thread 0x0000020104265df0 Exception <a 'java/lang/NoSuchMethodError'{0x000000008d195578}: 'void java.lang.invoke.DirectMethodHandle$Holder.invokeStatic(java.lang.Object, java.lang.Object)'> (0x000000008d195578) 
thrown [s\src\hotspot\share\interpreter\linkResolver.cpp, line 771]
Event: 4.392 Thread 0x0000020104265df0 Exception <a 'java/lang/NoSuchMethodError'{0x000000008cf51260}: 'java.lang.Object java.lang.invoke.DirectMethodHandle$Holder.newInvokeSpecial(java.lang.Object, java.lang.Object, java.lang.Object, java.lang.Object, java.lang.Object)'> (0x000000008cf51260) 
thrown [s\src\hotspot\share\interpreter\linkResolver.cpp, line 771]
Event: 4.472 Thread 0x0000020104265df0 Exception <a 'java/lang/NoSuchMethodError'{0x000000008cd77a28}: 'void java.lang.invoke.DirectMethodHandle$Holder.invokeSpecial(java.lang.Object, java.lang.Object, java.lang.Object)'> (0x000000008cd77a28) 
thrown [s\src\hotspot\share\interpreter\linkResolver.cpp, line 771]
Event: 4.523 Thread 0x0000020104265df0 Exception <a 'java/lang/NoSuchMethodError'{0x0000000083b22f68}: 'java.lang.Object java.lang.invoke.DirectMethodHandle$Holder.newInvokeSpecial(java.lang.Object, java.lang.Object, java.lang.Object, java.lang.Object, java.lang.Object, java.lang.Object)'> (0x0000000083b22f68) 
thrown [s\src\hotspot\share\interpreter\linkResolver.cpp, line 771]
Event: 4.535 Thread 0x0000020104265df0 Exception <a 'java/lang/NoSuchMethodError'{0x0000000083b3aa70}: 'void java.lang.invoke.DirectMethodHandle$Holder.invokeSpecial(java.lang.Object, java.lang.Object, java.lang.Object, java.lang.Object, java.lang.Object)'> (0x0000000083b3aa70) 
thrown [s\src\hotspot\share\interpreter\linkResolver.cpp, line 771]
Event: 4.538 Thread 0x0000020104265df0 Exception <a 'java/lang/NoSuchMethodError'{0x0000000083b4e910}: 'void java.lang.invoke.DirectMethodHandle$Holder.invokeStaticInit(java.lang.Object, java.lang.Object)'> (0x0000000083b4e910) 
thrown [s\src\hotspot\share\interpreter\linkResolver.cpp, line 771]
Event: 4.684 Thread 0x0000020104265df0 Exception <a 'java/lang/NoSuchMethodError'{0x000000008388dc78}: 'void java.lang.invoke.DelegatingMethodHandle$Holder.reinvoke_L(java.lang.Object, java.lang.Object, java.lang.Object, java.lang.Object, java.lang.Object, java.lang.Object, java.lang.Object, java.lang.Object, java.lang.Object, java.lang.Object)'> (0x000000008388dc78) 
thrown [s\src\hotspot\share\interpreter\linkResolver.cpp, line 771]
Event: 4.686 Thread 0x0000020104265df0 Exception <a 'java/lang/NoSuchMethodError'{0x0000000083896228}: 'java.lang.Object java.lang.invoke.DirectMethodHandle$Holder.invokeSpecial(java.lang.Object, java.lang.Object, java.lang.Object, java.lang.Object, java.lang.Object, java.lang.Object, java.lang.Object, java.lang.Object, java.lang.Object, java.lang.Object)'> (0x0000000083896228) 
thrown [s\src\hotspot\share\interpreter\linkResolver.cpp, line 771]
Event: 4.686 Thread 0x0000020104265df0 Exception <a 'java/lang/NoSuchMethodError'{0x000000008389aaf8}: 'java.lang.Object java.lang.invoke.Invokers$Holder.invoker(java.lang.Object, java.lang.Object, java.lang.Object, java.lang.Object, java.lang.Object, java.lang.Object, java.lang.Object, java.lang.Object, java.lang.Object, java.lang.Object)'> (0x000000008389aaf8) 
thrown [s\src\hotspot\share\interpreter\linkResolver.cpp, line 771]
Event: 4.687 Thread 0x0000020104265df0 Exception <a 'java/lang/NoSuchMethodError'{0x00000000838a0700}: 'java.lang.Object java.lang.invoke.DirectMethodHandle$Holder.invokeSpecial(java.lang.Object, java.lang.Object, java.lang.Object, java.lang.Object, java.lang.Object, java.lang.Object, java.lang.Object, java.lang.Object, java.lang.Object, java.lang.Object, java.lang.Object)'> (0x00000000838a0700) 
thrown [s\src\hotspot\share\interpreter\linkResolver.cpp, line 771]
Event: 4.991 Thread 0x0000020104265df0 Exception <a 'java/lang/NoSuchMethodError'{0x000000008326c288}: 'void java.lang.invoke.DirectMethodHandle$Holder.invokeStaticInit(java.lang.Object)'> (0x000000008326c288) 
thrown [s\src\hotspot\share\interpreter\linkResolver.cpp, line 771]
Event: 5.031 Thread 0x0000020104265df0 Exception <a 'java/lang/NoSuchMethodError'{0x0000000083126558}: 'java.lang.Object java.lang.invoke.DirectMethodHandle$Holder.newInvokeSpecial(java.lang.Object, java.lang.Object, java.lang.Object, int)'> (0x0000000083126558) 
thrown [s\src\hotspot\share\interpreter\linkResolver.cpp, line 771]
Event: 5.038 Thread 0x0000020104265df0 Exception <a 'java/lang/NoSuchMethodError'{0x000000008312ae88}: 'java.lang.Object java.lang.invoke.DirectMethodHandle$Holder.invokeSpecial(java.lang.Object, java.lang.Object, java.lang.Object, java.lang.Object, int)'> (0x000000008312ae88) 
thrown [s\src\hotspot\share\interpreter\linkResolver.cpp, line 771]
Event: 5.039 Thread 0x0000020104265df0 Exception <a 'java/lang/NoSuchMethodError'{0x000000008312efa0}: 'java.lang.Object java.lang.invoke.Invokers$Holder.linkToTargetMethod(java.lang.Object, java.lang.Object, int, java.lang.Object)'> (0x000000008312efa0) 
thrown [s\src\hotspot\share\interpreter\linkResolver.cpp, line 771]
Event: 5.305 Thread 0x0000020104265df0 Exception <a 'java/lang/NoSuchMethodError'{0x0000000082db4378}: 'int java.lang.invoke.DirectMethodHandle$Holder.invokeVirtual(java.lang.Object, java.lang.Object, java.lang.Object)'> (0x0000000082db4378) 
thrown [s\src\hotspot\share\interpreter\linkResolver.cpp, line 771]
Event: 5.385 Thread 0x0000020104265df0 Exception <a 'java/lang/NoSuchMethodError'{0x0000000082cbbbe8}: 'int java.lang.invoke.DirectMethodHandle$Holder.invokeSpecialIFC(java.lang.Object, java.lang.Object, java.lang.Object, java.lang.Object)'> (0x0000000082cbbbe8) 
thrown [s\src\hotspot\share\interpreter\linkResolver.cpp, line 771]
Event: 5.398 Thread 0x0000020104265df0 Exception <a 'java/lang/NoSuchMethodError'{0x0000000082ccaad8}: 'java.lang.Object java.lang.invoke.DirectMethodHandle$Holder.invokeInterface(java.lang.Object, java.lang.Object, java.lang.Object)'> (0x0000000082ccaad8) 
thrown [s\src\hotspot\share\interpreter\linkResolver.cpp, line 771]
Event: 5.398 Thread 0x0000020104265df0 Exception <a 'java/lang/IncompatibleClassChangeError'{0x0000000082cce6f0}: Found class java.lang.Object, but interface was expected> (0x0000000082cce6f0) 
thrown [s\src\hotspot\share\interpreter\linkResolver.cpp, line 838]
Event: 5.540 Thread 0x0000020104265df0 Exception <a 'java/lang/NoSuchMethodError'{0x0000000082a9f210}: 'int java.lang.invoke.DirectMethodHandle$Holder.invokeStatic(java.lang.Object, java.lang.Object, java.lang.Object, java.lang.Object)'> (0x0000000082a9f210) 
thrown [s\src\hotspot\share\interpreter\linkResolver.cpp, line 771]
Event: 5.541 Thread 0x0000020104265df0 Exception <a 'java/lang/NoSuchMethodError'{0x0000000082aa2e38}: 'java.lang.Object java.lang.invoke.Invokers$Holder.invokeExact_MT(java.lang.Object, java.lang.Object, java.lang.Object, java.lang.Object, java.lang.Object, java.lang.Object)'> (0x0000000082aa2e38) 
thrown [s\src\hotspot\share\interpreter\linkResolver.cpp, line 771]

VM Operations (20 events):
Event: 3.935 Executing VM operation: HandshakeAllThreads
Event: 3.935 Executing VM operation: HandshakeAllThreads done
Event: 4.472 Executing VM operation: CollectForMetadataAllocation
Event: 4.489 Executing VM operation: CollectForMetadataAllocation done
Event: 4.498 Executing VM operation: G1PauseRemark
Event: 4.499 Executing VM operation: G1PauseRemark done
Event: 4.501 Executing VM operation: G1PauseCleanup
Event: 4.502 Executing VM operation: G1PauseCleanup done
Event: 4.635 Executing VM operation: HandshakeAllThreads
Event: 4.635 Executing VM operation: HandshakeAllThreads done
Event: 5.269 Executing VM operation: HandshakeAllThreads
Event: 5.269 Executing VM operation: HandshakeAllThreads done
Event: 5.270 Executing VM operation: HandshakeAllThreads
Event: 5.270 Executing VM operation: HandshakeAllThreads done
Event: 5.700 Executing VM operation: HandshakeAllThreads
Event: 5.700 Executing VM operation: HandshakeAllThreads done
Event: 5.700 Executing VM operation: Cleanup
Event: 5.700 Executing VM operation: Cleanup done
Event: 5.701 Executing VM operation: HandshakeAllThreads
Event: 5.701 Executing VM operation: HandshakeAllThreads done

Events (20 events):
Event: 5.259 loading class java/io/File$TempDirectory
Event: 5.259 loading class java/io/File$TempDirectory done
Event: 5.267 loading class java/io/PrintWriter
Event: 5.268 loading class java/io/PrintWriter done
Event: 5.269 loading class sun/nio/cs/UTF_8$Encoder
Event: 5.269 loading class sun/nio/cs/UTF_8$Encoder done
Event: 5.284 loading class java/util/zip/CheckedInputStream
Event: 5.284 loading class java/util/zip/CheckedInputStream done
Event: 5.288 loading class java/nio/file/FileVisitor
Event: 5.288 loading class java/nio/file/FileVisitor done
Event: 5.290 loading class java/io/FilenameFilter
Event: 5.290 loading class java/io/FilenameFilter done
Event: 5.374 loading class java/util/concurrent/Semaphore
Event: 5.374 loading class java/util/concurrent/Semaphore done
Event: 5.381 loading class java/nio/file/FileVisitOption
Event: 5.381 loading class java/nio/file/FileVisitOption done
Event: 5.399 loading class java/util/stream/ReduceOps$1
Event: 5.399 loading class java/util/stream/ReduceOps$1 done
Event: 5.399 loading class java/util/stream/ReduceOps$1ReducingSink
Event: 5.399 loading class java/util/stream/ReduceOps$1ReducingSink done


Dynamic libraries:
0x00007ff7cbf70000 - 0x00007ff7cbf7a000 	C:\Program Files\Android\Android Studio\jbr\bin\java.exe
0x00007ff9a07d0000 - 0x00007ff9a09e7000 	C:\WINDOWS\SYSTEM32\ntdll.dll
0x00007ff99eaf0000 - 0x00007ff99ebb4000 	C:\WINDOWS\System32\KERNEL32.DLL
0x00007ff99df00000 - 0x00007ff99e2ad000 	C:\WINDOWS\System32\KERNELBASE.dll
0x00007ff99dde0000 - 0x00007ff99def1000 	C:\WINDOWS\System32\ucrtbase.dll
0x00007ff985000000 - 0x00007ff985017000 	C:\Program Files\Android\Android Studio\jbr\bin\jli.dll
0x00007ff96fd70000 - 0x00007ff96fd8b000 	C:\Program Files\Android\Android Studio\jbr\bin\VCRUNTIME140.dll
0x00007ff99ebc0000 - 0x00007ff99ed6e000 	C:\WINDOWS\System32\USER32.dll
0x00007ff99ddb0000 - 0x00007ff99ddd6000 	C:\WINDOWS\System32\win32u.dll
0x00007ff99f420000 - 0x00007ff99f449000 	C:\WINDOWS\System32\GDI32.dll
0x00007ff99dc90000 - 0x00007ff99dda9000 	C:\WINDOWS\System32\gdi32full.dll
0x00007ff983890000 - 0x00007ff983b23000 	C:\WINDOWS\WinSxS\amd64_microsoft.windows.common-controls_6595b64144ccf1df_6.0.22621.3672_none_2713b9d173822955\COMCTL32.dll
0x00007ff99f370000 - 0x00007ff99f417000 	C:\WINDOWS\System32\msvcrt.dll
0x00007ff99e2b0000 - 0x00007ff99e34a000 	C:\WINDOWS\System32\msvcp_win.dll
0x00007ff9a0720000 - 0x00007ff9a0751000 	C:\WINDOWS\System32\IMM32.DLL
0x00007ff97f270000 - 0x00007ff97f27c000 	C:\Program Files\Android\Android Studio\jbr\bin\vcruntime140_1.dll
0x00007ff95b8a0000 - 0x00007ff95b92d000 	C:\Program Files\Android\Android Studio\jbr\bin\msvcp140.dll
0x00007ff916120000 - 0x00007ff916da3000 	C:\Program Files\Android\Android Studio\jbr\bin\server\jvm.dll
0x00007ff99f1b0000 - 0x00007ff99f262000 	C:\WINDOWS\System32\ADVAPI32.dll
0x00007ff99ed70000 - 0x00007ff99ee19000 	C:\WINDOWS\System32\sechost.dll
0x00007ff99dc60000 - 0x00007ff99dc88000 	C:\WINDOWS\System32\bcrypt.dll
0x00007ff99ef90000 - 0x00007ff99f0a4000 	C:\WINDOWS\System32\RPCRT4.dll
0x00007ff99cf90000 - 0x00007ff99cfdd000 	C:\WINDOWS\SYSTEM32\POWRPROF.dll
0x00007ff997070000 - 0x00007ff997079000 	C:\WINDOWS\SYSTEM32\WSOCK32.dll
0x00007ff99f640000 - 0x00007ff99f6b1000 	C:\WINDOWS\System32\WS2_32.dll
0x00007ff997570000 - 0x00007ff9975a4000 	C:\WINDOWS\SYSTEM32\WINMM.dll
0x00007ff996b40000 - 0x00007ff996b4a000 	C:\WINDOWS\SYSTEM32\VERSION.dll
0x00007ff99ce90000 - 0x00007ff99cea3000 	C:\WINDOWS\SYSTEM32\UMPDC.dll
0x00007ff99cb70000 - 0x00007ff99cb88000 	C:\WINDOWS\SYSTEM32\kernel.appcore.dll
0x00007ff997060000 - 0x00007ff99706a000 	C:\Program Files\Android\Android Studio\jbr\bin\jimage.dll
0x00007ff99a860000 - 0x00007ff99aa92000 	C:\WINDOWS\SYSTEM32\DBGHELP.DLL
0x00007ff99e760000 - 0x00007ff99eaed000 	C:\WINDOWS\System32\combase.dll
0x00007ff99e590000 - 0x00007ff99e667000 	C:\WINDOWS\System32\OLEAUT32.dll
0x00007ff97c700000 - 0x00007ff97c732000 	C:\WINDOWS\SYSTEM32\dbgcore.DLL
0x00007ff99e480000 - 0x00007ff99e4fb000 	C:\WINDOWS\System32\bcryptPrimitives.dll
0x00007ff98a650000 - 0x00007ff98a65e000 	C:\Program Files\Android\Android Studio\jbr\bin\instrument.dll
0x00007ff997030000 - 0x00007ff997055000 	C:\Program Files\Android\Android Studio\jbr\bin\java.dll
0x00007ff997010000 - 0x00007ff997028000 	C:\Program Files\Android\Android Studio\jbr\bin\zip.dll
0x00007ff99fd00000 - 0x00007ff9a0568000 	C:\WINDOWS\System32\SHELL32.dll
0x00007ff99b9f0000 - 0x00007ff99c2ee000 	C:\WINDOWS\SYSTEM32\windows.storage.dll
0x00007ff99b8b0000 - 0x00007ff99b9ef000 	C:\WINDOWS\SYSTEM32\wintypes.dll
0x00007ff99f270000 - 0x00007ff99f369000 	C:\WINDOWS\System32\SHCORE.dll
0x00007ff99ef20000 - 0x00007ff99ef7e000 	C:\WINDOWS\System32\shlwapi.dll
0x00007ff99da20000 - 0x00007ff99da41000 	C:\WINDOWS\SYSTEM32\profapi.dll
0x00007ff98c700000 - 0x00007ff98c719000 	C:\Program Files\Android\Android Studio\jbr\bin\net.dll
0x00007ff99a120000 - 0x00007ff99a256000 	C:\WINDOWS\SYSTEM32\WINHTTP.dll
0x00007ff99d080000 - 0x00007ff99d0e9000 	C:\WINDOWS\system32\mswsock.dll
0x00007ff98c6e0000 - 0x00007ff98c6f6000 	C:\Program Files\Android\Android Studio\jbr\bin\nio.dll
0x00007ff98c280000 - 0x00007ff98c290000 	C:\Program Files\Android\Android Studio\jbr\bin\verify.dll
0x00007ff97a170000 - 0x00007ff97a197000 	C:\Users\anbu2\.gradle\native\c067742578af261105cb4f569cf0c3c89f3d7b1fecec35dd04571415982c5e48\windows-amd64\native-platform.dll
0x00007ff915090000 - 0x00007ff9151d4000 	C:\Users\anbu2\.gradle\native\38dada09dfb8b06ba9b0570ebf7e218e3eb74d4ef43ca46872605cf95ebc2f47\windows-amd64\native-platform-file-events.dll
0x00007ff98c2d0000 - 0x00007ff98c2d9000 	C:\Program Files\Android\Android Studio\jbr\bin\management.dll
0x00007ff98c2c0000 - 0x00007ff98c2cb000 	C:\Program Files\Android\Android Studio\jbr\bin\management_ext.dll
0x00007ff9a0760000 - 0x00007ff9a0768000 	C:\WINDOWS\System32\PSAPI.DLL
0x00007ff99d2e0000 - 0x00007ff99d2fb000 	C:\WINDOWS\SYSTEM32\CRYPTSP.dll
0x00007ff99ca60000 - 0x00007ff99ca95000 	C:\WINDOWS\system32\rsaenh.dll
0x00007ff99d180000 - 0x00007ff99d1a8000 	C:\WINDOWS\SYSTEM32\USERENV.dll
0x00007ff99d300000 - 0x00007ff99d30c000 	C:\WINDOWS\SYSTEM32\CRYPTBASE.dll
0x00007ff99c550000 - 0x00007ff99c57d000 	C:\WINDOWS\SYSTEM32\IPHLPAPI.DLL
0x00007ff99f450000 - 0x00007ff99f459000 	C:\WINDOWS\System32\NSI.dll
0x00007ff999fa0000 - 0x00007ff999fb9000 	C:\WINDOWS\SYSTEM32\dhcpcsvc6.DLL
0x00007ff999f80000 - 0x00007ff999f9f000 	C:\WINDOWS\SYSTEM32\dhcpcsvc.DLL
0x00007ff99c5c0000 - 0x00007ff99c6b8000 	C:\WINDOWS\SYSTEM32\DNSAPI.dll
0x00007ff9969f0000 - 0x00007ff9969f9000 	C:\Program Files\Android\Android Studio\jbr\bin\extnet.dll
0x00007ff984810000 - 0x00007ff984818000 	C:\WINDOWS\system32\wshunix.dll

dbghelp: loaded successfully - version: 4.0.5 - missing functions: none
symbol engine: initialized successfully - sym options: 0x614 - pdb path: .;C:\Program Files\Android\Android Studio\jbr\bin;C:\WINDOWS\SYSTEM32;C:\WINDOWS\WinSxS\amd64_microsoft.windows.common-controls_6595b64144ccf1df_6.0.22621.3672_none_2713b9d173822955;C:\Program Files\Android\Android Studio\jbr\bin\server;C:\Users\anbu2\.gradle\native\c067742578af261105cb4f569cf0c3c89f3d7b1fecec35dd04571415982c5e48\windows-amd64;C:\Users\anbu2\.gradle\native\38dada09dfb8b06ba9b0570ebf7e218e3eb74d4ef43ca46872605cf95ebc2f47\windows-amd64

VM Arguments:
jvm_args: -XX:MaxMetaspaceSize=512m --add-opens=java.base/java.util=ALL-UNNAMED --add-opens=java.base/java.lang=ALL-UNNAMED --add-opens=java.base/java.lang.invoke=ALL-UNNAMED --add-opens=java.prefs/java.util.prefs=ALL-UNNAMED --add-opens=java.base/java.nio.charset=ALL-UNNAMED --add-opens=java.base/java.net=ALL-UNNAMED --add-opens=java.base/java.util.concurrent.atomic=ALL-UNNAMED -Xmx2048m -Dfile.encoding=windows-1252 -Duser.country=IN -Duser.language=en -Duser.variant -javaagent:C:\Users\anbu2\.gradle\wrapper\dists\gradle-8.6-all\3mbtmo166bl6vumsh5k2lkq5h\gradle-8.6\lib\agents\gradle-instrumentation-agent-8.6.jar 
java_command: org.gradle.launcher.daemon.bootstrap.GradleDaemon 8.6
java_class_path (initial): C:\Users\anbu2\.gradle\wrapper\dists\gradle-8.6-all\3mbtmo166bl6vumsh5k2lkq5h\gradle-8.6\lib\gradle-launcher-8.6.jar
Launcher Type: SUN_STANDARD

[Global flags]
     intx CICompilerCount                          = 4                                         {product} {ergonomic}
   size_t CompressedClassSpaceSize                 = 436207616                                 {product} {ergonomic}
     uint ConcGCThreads                            = 2                                         {product} {ergonomic}
     uint G1ConcRefinementThreads                  = 8                                         {product} {ergonomic}
   size_t G1HeapRegionSize                         = 1048576                                   {product} {ergonomic}
    uintx GCDrainStackTargetSize                   = 64                                        {product} {ergonomic}
   size_t InitialHeapSize                          = 266338304                                 {product} {ergonomic}
   size_t MarkStackSize                            = 4194304                                   {product} {ergonomic}
   size_t MaxHeapSize                              = 2147483648                                {product} {command line}
   size_t MaxMetaspaceSize                         = 536870912                                 {product} {command line}
   size_t MaxNewSize                               = 1287651328                                {product} {ergonomic}
   size_t MinHeapDeltaBytes                        = 1048576                                   {product} {ergonomic}
   size_t MinHeapSize                              = 8388608                                   {product} {ergonomic}
    uintx NonNMethodCodeHeapSize                   = 5839372                                {pd product} {ergonomic}
    uintx NonProfiledCodeHeapSize                  = 122909434                              {pd product} {ergonomic}
    uintx ProfiledCodeHeapSize                     = 122909434                              {pd product} {ergonomic}
    uintx ReservedCodeCacheSize                    = 251658240                              {pd product} {ergonomic}
     bool SegmentedCodeCache                       = true                                      {product} {ergonomic}
   size_t SoftMaxHeapSize                          = 2147483648                             {manageable} {ergonomic}
     bool UseCompressedClassPointers               = true                           {product lp64_product} {ergonomic}
     bool UseCompressedOops                        = true                           {product lp64_product} {ergonomic}
     bool UseG1GC                                  = true                                      {product} {ergonomic}
     bool UseLargePagesIndividualAllocation        = false                                  {pd product} {ergonomic}

Logging:
Log output configuration:
 #0: stdout all=warning uptime,level,tags
 #1: stderr all=off uptime,level,tags

Environment Variables:
PATH=C:\Program Files\Common Files\Oracle\Java\javapath;C:\WINDOWS\system32;C:\WINDOWS;C:\WINDOWS\System32\Wbem;C:\WINDOWS\System32\WindowsPowerShell\v1.0\;C:\WINDOWS\System32\OpenSSH\;C:\python;C:\python\Scripts;C:\Program Files\dotnet\;C:\ProgramData\chocolatey\bin;C:\Program Files\nodejs\;C:\Program Files\Git\cmd;C:\Program Files\Microsoft SQL Server\Client SDK\ODBC\170\Tools\Binn\;C:\Program Files\Microsoft SQL Server\150\Tools\Binn\;C:\Program Files\MongoDB\Server\7.0\bin;C:\Users\anbu2\AppData\Local\Programs\Microsoft VS Code\bin;C:\Users\anbu2\.dotnet\tools
USERNAME=anbu2
OS=Windows_NT
PROCESSOR_IDENTIFIER=Intel64 Family 6 Model 140 Stepping 1, GenuineIntel
TMP=C:\Users\anbu2\AppData\Local\Temp
TEMP=C:\Users\anbu2\AppData\Local\Temp



Periodic native trim disabled

JNI global refs:
JNI global refs: 23, weak refs: 0

JNI global refs memory usage: 843, weak refs: 209

Process memory usage:
Resident Set Size: 150396K (0% of 16555320K total physical memory with 2354556K free physical memory)

OOME stack traces (most recent first):
Classloader memory used:
Loader bootstrap                                                                       : 1866K
Loader org.gradle.internal.classloader.VisitableURLClassLoader                         : 1131K
Loader org.gradle.initialization.MixInLegacyTypesClassLoader                           : 89324B
Loader jdk.internal.loader.ClassLoaders$AppClassLoader                                 : 28730B
Loader jdk.internal.loader.ClassLoaders$PlatformClassLoader                            : 16090B
Loader jdk.internal.reflect.DelegatingClassLoader                                      : 1397B

Classes loaded by more than one classloader:
Class org.gradle.internal.installation.GradleInstallation                             : loaded 2 times (x 73B)
Class org.gradle.internal.classpath.ClassPath                                         : loaded 2 times (x 68B)
Class org.gradle.api.internal.classpath.DefaultModuleRegistry                         : loaded 2 times (x 84B)
Class org.gradle.api.Action                                                           : loaded 2 times (x 68B)
Class org.gradle.api.internal.DefaultClassPathProvider                                : loaded 2 times (x 74B)
Class org.gradle.internal.installation.GradleInstallation$1                           : loaded 2 times (x 73B)
Class org.gradle.internal.classloader.FilteringClassLoader                            : loaded 2 times (x 103B)
Class org.gradle.internal.classpath.DefaultClassPath$ImmutableUniqueList$Builder      : loaded 2 times (x 73B)
Class org.gradle.internal.classloader.ClassLoaderVisitor                              : loaded 2 times (x 74B)
Class org.gradle.internal.service.DefaultServiceLocator                               : loaded 2 times (x 81B)
Class org.gradle.internal.service.UnknownServiceException                             : loaded 2 times (x 81B)
Class org.gradle.internal.classloader.DefaultClassLoaderFactory                       : loaded 2 times (x 80B)
Class org.gradle.internal.classloader.VisitableURLClassLoader$Spec                    : loaded 2 times (x 72B)
Class org.gradle.api.GradleException                                                  : loaded 2 times (x 80B)
Class org.gradle.api.internal.classpath.ModuleRegistry                                : loaded 2 times (x 68B)
Class org.gradle.api.internal.ClassPathProvider                                       : loaded 2 times (x 68B)
Class org.gradle.internal.classloader.ClasspathUtil$1                                 : loaded 2 times (x 74B)
Class org.gradle.internal.classloader.ClassLoaderFactory                              : loaded 2 times (x 68B)
Class org.gradle.api.internal.classpath.ManifestUtil                                  : loaded 2 times (x 69B)
Class org.gradle.api.specs.Spec                                                       : loaded 2 times (x 68B)
Class org.gradle.internal.IoActions                                                   : loaded 2 times (x 69B)
Class org.gradle.api.internal.classpath.EffectiveClassPath                            : loaded 2 times (x 88B)
Class org.gradle.internal.installation.CurrentGradleInstallation                      : loaded 2 times (x 71B)
Class org.gradle.internal.agents.InstrumentingClassLoader                             : loaded 2 times (x 68B)
Class org.gradle.internal.installation.CurrentGradleInstallationLocator               : loaded 2 times (x 69B)
Class org.gradle.api.internal.classpath.Module                                        : loaded 2 times (x 68B)
Class org.gradle.internal.service.CachingServiceLocator                               : loaded 2 times (x 80B)
Class org.gradle.internal.classpath.DefaultClassPath                                  : loaded 2 times (x 88B)
Class org.gradle.internal.classloader.SystemClassLoaderSpec                           : loaded 2 times (x 69B)
Class org.gradle.api.UncheckedIOException                                             : loaded 2 times (x 80B)
Class org.gradle.internal.classloader.ClasspathUtil                                   : loaded 2 times (x 69B)
Class org.gradle.api.internal.DefaultClassPathRegistry                                : loaded 2 times (x 74B)
Class org.gradle.api.internal.classpath.DefaultModuleRegistry$DefaultModule           : loaded 2 times (x 84B)
Class org.gradle.api.internal.classpath.UnknownModuleException                        : loaded 2 times (x 80B)
Class org.gradle.internal.service.ServiceLookupException                              : loaded 2 times (x 80B)
Class org.gradle.cache.GlobalCache                                                    : loaded 2 times (x 68B)
Class [Lorg.gradle.api.internal.ClassPathProvider;                                    : loaded 2 times (x 67B)
Class org.gradle.util.internal.GUtil                                                  : loaded 2 times (x 69B)
Class org.gradle.internal.classloader.ClassLoaderSpec                                 : loaded 2 times (x 69B)
Class org.gradle.internal.classloader.VisitableURLClassLoader                         : loaded 2 times (x 115B)
Class org.gradle.internal.Cast                                                        : loaded 2 times (x 69B)
Class org.gradle.api.internal.ClassPathRegistry                                       : loaded 2 times (x 68B)
Class org.gradle.internal.classloader.VisitableURLClassLoader$InstrumentingVisitableURLClassLoader: loaded 2 times (x 121B)
Class org.gradle.internal.classloader.ClassLoaderHierarchy                            : loaded 2 times (x 68B)
Class org.gradle.internal.InternalTransformer                                         : loaded 2 times (x 68B)
Class org.gradle.internal.service.ServiceLocator                                      : loaded 2 times (x 68B)
Class org.gradle.internal.classpath.DefaultClassPath$ImmutableUniqueList              : loaded 2 times (x 159B)
Class org.gradle.internal.classpath.TransformedClassPath                              : loaded 2 times (x 94B)


---------------  S Y S T E M  ---------------

OS:
 Windows 11 , 64 bit Build 22621 (10.0.22621.3958)
OS uptime: 0 days 2:24 hours
Hyper-V role detected

CPU: total 8 (initial active 8) (4 cores per cpu, 2 threads per core) family 6 model 140 stepping 1 microcode 0xb6, cx8, cmov, fxsr, ht, mmx, 3dnowpref, sse, sse2, sse3, ssse3, sse4.1, sse4.2, popcnt, lzcnt, tsc, tscinvbit, avx, avx2, aes, erms, clmul, bmi1, bmi2, adx, avx512f, avx512dq, avx512cd, avx512bw, avx512vl, sha, fma, vzeroupper, avx512_vpopcntdq, avx512_vpclmulqdq, avx512_vaes, avx512_vnni, clflush, clflushopt, clwb, avx512_vbmi2, avx512_vbmi, hv
Processor Information for all 8 processors :
  Max Mhz: 2419, Current Mhz: 2419, Mhz Limit: 2419

Memory: 4k page, system-wide physical 16167M (2299M free)
TotalPageFile size 16167M (AvailPageFile size 5M)
current process WorkingSet (physical memory assigned to process): 147M, peak: 163M
current process commit charge ("private bytes"): 214M, peak: 396M

vm_info: OpenJDK 64-Bit Server VM (17.0.11+0--11852314) for windows-amd64 JRE (17.0.11+0--11852314), built on May 16 2024 21:29:20 by "androidbuild" with MS VC++ 16.10 / 16.11 (VS2019)

END.
