#
# There is insufficient memory for the Java Runtime Environment to continue.
# Native memory allocation (mmap) failed to map 93323264 bytes. Error detail: G1 virtual space
# Possible reasons:
#   The system is out of physical RAM or swap space
#   This process is running with CompressedOops enabled, and the Java Heap may be blocking the growth of the native heap
# Possible solutions:
#   Reduce memory load on the system
#   Increase physical memory or swap space
#   Check if swap backing store is full
#   Decrease Java heap size (-Xmx/-Xms)
#   Decrease number of Java threads
#   Decrease Java thread stack sizes (-Xss)
#   Set larger code cache with -XX:ReservedCodeCacheSize=
#   JVM is running with Unscaled Compressed Oops mode in which the Java heap is
#     placed in the first 4GB address space. The Java Heap base address is the
#     maximum limit for the native heap growth. Please use -XX:HeapBaseMinAddress
#     to set the Java Heap base and to place the Java Heap above 4GB virtual address.
# This output file may be truncated or incomplete.
#
#  Out of Memory Error (os_windows.cpp:3825), pid=17572, tid=1904
#
# JRE version: OpenJDK Runtime Environment (17.0.11) (build 17.0.11+0--11852314)
# Java VM: OpenJDK 64-Bit Server VM (17.0.11+0--11852314, mixed mode, tiered, compressed oops, compressed class ptrs, g1 gc, windows-amd64)
# No core dump will be written. Minidumps are not enabled by default on client versions of Windows
#

---------------  S U M M A R Y ------------

Command Line: -XX:MaxMetaspaceSize=512m --add-opens=java.base/java.util=ALL-UNNAMED --add-opens=java.base/java.lang=ALL-UNNAMED --add-opens=java.base/java.lang.invoke=ALL-UNNAMED --add-opens=java.prefs/java.util.prefs=ALL-UNNAMED --add-opens=java.base/java.nio.charset=ALL-UNNAMED --add-opens=java.base/java.net=ALL-UNNAMED --add-opens=java.base/java.util.concurrent.atomic=ALL-UNNAMED -Xmx2048m -Dfile.encoding=windows-1252 -Duser.country=IN -Duser.language=en -Duser.variant -javaagent:C:\Users\anbu2\.gradle\wrapper\dists\gradle-8.6-all\3mbtmo166bl6vumsh5k2lkq5h\gradle-8.6\lib\agents\gradle-instrumentation-agent-8.6.jar org.gradle.launcher.daemon.bootstrap.GradleDaemon 8.6

Host: 11th Gen Intel(R) Core(TM) i5-1135G7 @ 2.40GHz, 8 cores, 15G,  Windows 11 , 64 bit Build 22621 (10.0.22621.3958)
Time: Tue Sep 24 19:39:35 2024 India Standard Time elapsed time: 16.346239 seconds (0d 0h 0m 16s)

---------------  T H R E A D  ---------------

Current thread (0x000001ec7ce65810):  VMThread "VM Thread" [stack: 0x0000004ba7000000,0x0000004ba7100000] [id=1904]

Stack: [0x0000004ba7000000,0x0000004ba7100000]
Native frames: (J=compiled Java code, j=interpreted, Vv=VM code, C=native code)
V  [jvm.dll+0x687bb9]
V  [jvm.dll+0x84142a]
V  [jvm.dll+0x8430ae]
V  [jvm.dll+0x843713]
V  [jvm.dll+0x24a35f]
V  [jvm.dll+0x684989]
V  [jvm.dll+0x67923a]
V  [jvm.dll+0x30af0b]
V  [jvm.dll+0x3123b6]
V  [jvm.dll+0x361dfe]
V  [jvm.dll+0x36202f]
V  [jvm.dll+0x2e0d38]
V  [jvm.dll+0x2df144]
V  [jvm.dll+0x2de74c]
V  [jvm.dll+0x32305b]
V  [jvm.dll+0x847e0b]
V  [jvm.dll+0x848b42]
V  [jvm.dll+0x84905d]
V  [jvm.dll+0x849434]
V  [jvm.dll+0x849500]
V  [jvm.dll+0x7efa4a]
V  [jvm.dll+0x686a35]
C  [ucrtbase.dll+0x29333]
C  [KERNEL32.DLL+0x1257d]
C  [ntdll.dll+0x5af28]

VM_Operation (0x0000004ba89f7680): G1CollectForAllocation, mode: safepoint, requested by thread 0x000001ec7f8c0020


---------------  P R O C E S S  ---------------

Threads class SMR info:
_java_thread_list=0x000001ec063e6d90, length=56, elements={
0x000001ec62e5ba90, 0x000001ec7ce6ae60, 0x000001ec7ce6ba20, 0x000001ec7cec9c80,
0x000001ec7cebdcb0, 0x000001ec7cec0ca0, 0x000001ec7cec3580, 0x000001ec7cec4730,
0x000001ec7cec51e0, 0x000001ec7cece450, 0x000001ec7ccc15c0, 0x000001ec7d1064a0,
0x000001ec7faaca70, 0x000001ec7f49c570, 0x000001ec7f3d5450, 0x000001ec7ef58270,
0x000001ec7ef58750, 0x000001ec7eaeeab0, 0x000001ec7f8c0020, 0x000001ec7eae9a10,
0x000001ec7eaec290, 0x000001ec7eae9500, 0x000001ec7eaeb360, 0x000001ec7eae8ff0,
0x000001ec7eaea940, 0x000001ec7eaeb870, 0x000001ec7eae9f20, 0x000001ec7eaebd80,
0x000001ec7eaea430, 0x000001ec7eaeae50, 0x000001ec04400de0, 0x000001ec04402c40,
0x000001ec04401d10, 0x000001ec04402730, 0x000001ec043ff9a0, 0x000001ec043fea70,
0x000001ec044008d0, 0x000001ec043fc700, 0x000001ec044012f0, 0x000001ec043fe560,
0x000001ec043fd630, 0x000001ec04403b70, 0x000001ec043fcc10, 0x000001ec043fdb40,
0x000001ec04401800, 0x000001ec04402220, 0x000001ec7f9cc1d0, 0x000001ec7f9cc6e0,
0x000001ec7f9c9e60, 0x000001ec7f9c8f30, 0x000001ec7f9ca880, 0x000001ec7f9cb2a0,
0x000001ec7f9cad90, 0x000001ec7f9cbcc0, 0x000001ec7f40c5a0, 0x000001ec7f9c9440
}

Java Threads: ( => current thread )
  0x000001ec62e5ba90 JavaThread "main" [_thread_blocked, id=16184, stack(0x0000004ba6a00000,0x0000004ba6b00000)]
  0x000001ec7ce6ae60 JavaThread "Reference Handler" daemon [_thread_blocked, id=15592, stack(0x0000004ba7100000,0x0000004ba7200000)]
  0x000001ec7ce6ba20 JavaThread "Finalizer" daemon [_thread_blocked, id=14852, stack(0x0000004ba7200000,0x0000004ba7300000)]
  0x000001ec7cec9c80 JavaThread "Signal Dispatcher" daemon [_thread_blocked, id=14660, stack(0x0000004ba7300000,0x0000004ba7400000)]
  0x000001ec7cebdcb0 JavaThread "Attach Listener" daemon [_thread_blocked, id=14468, stack(0x0000004ba7400000,0x0000004ba7500000)]
  0x000001ec7cec0ca0 JavaThread "Service Thread" daemon [_thread_blocked, id=17708, stack(0x0000004ba7500000,0x0000004ba7600000)]
  0x000001ec7cec3580 JavaThread "Monitor Deflation Thread" daemon [_thread_blocked, id=17008, stack(0x0000004ba7600000,0x0000004ba7700000)]
  0x000001ec7cec4730 JavaThread "C2 CompilerThread0" daemon [_thread_blocked, id=14248, stack(0x0000004ba7700000,0x0000004ba7800000)]
  0x000001ec7cec51e0 JavaThread "C1 CompilerThread0" daemon [_thread_blocked, id=17492, stack(0x0000004ba7800000,0x0000004ba7900000)]
  0x000001ec7cece450 JavaThread "Sweeper thread" daemon [_thread_blocked, id=17848, stack(0x0000004ba7900000,0x0000004ba7a00000)]
  0x000001ec7ccc15c0 JavaThread "Common-Cleaner" daemon [_thread_blocked, id=17512, stack(0x0000004ba7a00000,0x0000004ba7b00000)]
  0x000001ec7d1064a0 JavaThread "Notification Thread" daemon [_thread_blocked, id=14284, stack(0x0000004ba7b00000,0x0000004ba7c00000)]
  0x000001ec7faaca70 JavaThread "Daemon health stats" [_thread_blocked, id=8180, stack(0x0000004ba8400000,0x0000004ba8500000)]
  0x000001ec7f49c570 JavaThread "Incoming local TCP Connector on port 51889" [_thread_in_native, id=9124, stack(0x0000004ba7e00000,0x0000004ba7f00000)]
  0x000001ec7f3d5450 JavaThread "Daemon periodic checks" [_thread_blocked, id=16660, stack(0x0000004ba8500000,0x0000004ba8600000)]
  0x000001ec7ef58270 JavaThread "Daemon" [_thread_blocked, id=17640, stack(0x0000004ba8600000,0x0000004ba8700000)]
  0x000001ec7ef58750 JavaThread "Handler for socket connection from /127.0.0.1:51889 to /127.0.0.1:51890" [_thread_in_native, id=17680, stack(0x0000004ba8700000,0x0000004ba8800000)]
  0x000001ec7eaeeab0 JavaThread "Cancel handler" [_thread_blocked, id=12408, stack(0x0000004ba8800000,0x0000004ba8900000)]
  0x000001ec7f8c0020 JavaThread "Daemon worker" [_thread_blocked, id=17928, stack(0x0000004ba8900000,0x0000004ba8a00000)]
  0x000001ec7eae9a10 JavaThread "Asynchronous log dispatcher for DefaultDaemonConnection: socket connection from /127.0.0.1:51889 to /127.0.0.1:51890" [_thread_blocked, id=16640, stack(0x0000004ba8a00000,0x0000004ba8b00000)]
  0x000001ec7eaec290 JavaThread "Stdin handler" [_thread_blocked, id=17876, stack(0x0000004ba8b00000,0x0000004ba8c00000)]
  0x000001ec7eae9500 JavaThread "Daemon client event forwarder" [_thread_blocked, id=17636, stack(0x0000004ba8c00000,0x0000004ba8d00000)]
  0x000001ec7eaeb360 JavaThread "Cache worker for journal cache (C:\Users\anbu2\.gradle\caches\journal-1)" [_thread_blocked, id=15424, stack(0x0000004ba7d00000,0x0000004ba7e00000)]
  0x000001ec7eae8ff0 JavaThread "File lock request listener" [_thread_in_native, id=2428, stack(0x0000004ba9000000,0x0000004ba9100000)]
  0x000001ec7eaea940 JavaThread "Cache worker for file hash cache (C:\Users\anbu2\.gradle\caches\8.6\fileHashes)" [_thread_blocked, id=2356, stack(0x0000004ba9100000,0x0000004ba9200000)]
  0x000001ec7eaeb870 JavaThread "File watcher server" daemon [_thread_blocked, id=17604, stack(0x0000004ba9300000,0x0000004ba9400000)]
  0x000001ec7eae9f20 JavaThread "File watcher consumer" daemon [_thread_blocked, id=14732, stack(0x0000004ba9400000,0x0000004ba9500000)]
  0x000001ec7eaebd80 JavaThread "Cache worker for checksums cache (F:\MyReactNative\android\.gradle\8.6\checksums)" [_thread_blocked, id=16616, stack(0x0000004ba9500000,0x0000004ba9600000)]
  0x000001ec7eaea430 JavaThread "Cache worker for file hash cache (F:\MyReactNative\android\.gradle\8.6\fileHashes)" [_thread_blocked, id=14864, stack(0x0000004ba9600000,0x0000004ba9700000)]
  0x000001ec7eaeae50 JavaThread "Cache worker for cache directory md-supplier (C:\Users\anbu2\.gradle\caches\8.6\md-supplier)" [_thread_blocked, id=17560, stack(0x0000004ba9700000,0x0000004ba9800000)]
  0x000001ec04400de0 JavaThread "Cache worker for cache directory md-rule (C:\Users\anbu2\.gradle\caches\8.6\md-rule)" [_thread_blocked, id=18296, stack(0x0000004ba9800000,0x0000004ba9900000)]
  0x000001ec04402c40 JavaThread "Cache worker for file content cache (C:\Users\anbu2\.gradle\caches\8.6\fileContent)" [_thread_blocked, id=12552, stack(0x0000004ba9900000,0x0000004ba9a00000)]
  0x000001ec04401d10 JavaThread "jar transforms" [_thread_blocked, id=8860, stack(0x0000004ba9b00000,0x0000004ba9c00000)]
  0x000001ec04402730 JavaThread "jar transforms Thread 2" [_thread_blocked, id=1692, stack(0x0000004ba9c00000,0x0000004ba9d00000)]
  0x000001ec043ff9a0 JavaThread "jar transforms Thread 3" [_thread_blocked, id=15092, stack(0x0000004ba9d00000,0x0000004ba9e00000)]
  0x000001ec043fea70 JavaThread "jar transforms Thread 4" [_thread_blocked, id=17108, stack(0x0000004ba9e00000,0x0000004ba9f00000)]
  0x000001ec044008d0 JavaThread "Exec process" [_thread_blocked, id=17328, stack(0x0000004ba9f00000,0x0000004baa000000)]
  0x000001ec043fc700 JavaThread "Exec process Thread 2" [_thread_blocked, id=17944, stack(0x0000004baa000000,0x0000004baa100000)]
  0x000001ec044012f0 JavaThread "Exec process Thread 3" [_thread_blocked, id=17792, stack(0x0000004baa100000,0x0000004baa200000)]
  0x000001ec043fe560 JavaThread "jar transforms Thread 5" [_thread_blocked, id=2796, stack(0x0000004baa200000,0x0000004baa300000)]
  0x000001ec043fd630 JavaThread "jar transforms Thread 6" [_thread_blocked, id=12304, stack(0x0000004baa300000,0x0000004baa400000)]
  0x000001ec04403b70 JavaThread "jar transforms Thread 7" [_thread_blocked, id=1764, stack(0x0000004baa400000,0x0000004baa500000)]
  0x000001ec043fcc10 JavaThread "jar transforms Thread 8" [_thread_blocked, id=4812, stack(0x0000004baa500000,0x0000004baa600000)]
  0x000001ec043fdb40 JavaThread "Unconstrained build operations" [_thread_blocked, id=15268, stack(0x0000004baa600000,0x0000004baa700000)]
  0x000001ec04401800 JavaThread "Unconstrained build operations Thread 2" [_thread_blocked, id=17920, stack(0x0000004baa700000,0x0000004baa800000)]
  0x000001ec04402220 JavaThread "Cache worker for Build Output Cleanup Cache (F:\MyReactNative\node_modules\@react-native\gradle-plugin\.gradle\buildOutputCleanup)" [_thread_blocked, id=17912, stack(0x0000004baa800000,0x0000004baa900000)]
  0x000001ec7f9cc1d0 JavaThread "Unconstrained build operations Thread 3" [_thread_blocked, id=18016, stack(0x0000004baa900000,0x0000004baaa00000)]
  0x000001ec7f9cc6e0 JavaThread "Unconstrained build operations Thread 4" [_thread_blocked, id=18084, stack(0x0000004baaa00000,0x0000004baab00000)]
  0x000001ec7f9c9e60 JavaThread "Unconstrained build operations Thread 5" [_thread_blocked, id=13780, stack(0x0000004baab00000,0x0000004baac00000)]
  0x000001ec7f9c8f30 JavaThread "Unconstrained build operations Thread 6" [_thread_blocked, id=17576, stack(0x0000004baac00000,0x0000004baad00000)]
  0x000001ec7f9ca880 JavaThread "Unconstrained build operations Thread 7" [_thread_blocked, id=17544, stack(0x0000004baad00000,0x0000004baae00000)]
  0x000001ec7f9cb2a0 JavaThread "Unconstrained build operations Thread 8" [_thread_blocked, id=17552, stack(0x0000004baae00000,0x0000004baaf00000)]
  0x000001ec7f9cad90 JavaThread "Unconstrained build operations Thread 9" [_thread_blocked, id=17900, stack(0x0000004baaf00000,0x0000004bab000000)]
  0x000001ec7f9cbcc0 JavaThread "build event listener" [_thread_blocked, id=11696, stack(0x0000004bab000000,0x0000004bab100000)]
  0x000001ec7f40c5a0 JavaThread "C2 CompilerThread1" daemon [_thread_blocked, id=12392, stack(0x0000004ba9200000,0x0000004ba9300000)]
  0x000001ec7f9c9440 JavaThread "Memory manager" [_thread_blocked, id=7196, stack(0x0000004bab100000,0x0000004bab200000)]

Other Threads:
=>0x000001ec7ce65810 VMThread "VM Thread" [stack: 0x0000004ba7000000,0x0000004ba7100000] [id=1904]
  0x000001ec62e5c910 WatcherThread [stack: 0x0000004ba7c00000,0x0000004ba7d00000] [id=1608]
  0x000001ec62eb6cc0 GCTaskThread "GC Thread#0" [stack: 0x0000004ba6b00000,0x0000004ba6c00000] [id=13792]
  0x000001ec7d48d390 GCTaskThread "GC Thread#1" [stack: 0x0000004ba7f00000,0x0000004ba8000000] [id=17856]
  0x000001ec7de5e360 GCTaskThread "GC Thread#2" [stack: 0x0000004ba8000000,0x0000004ba8100000] [id=5132]
  0x000001ec7de5d700 GCTaskThread "GC Thread#3" [stack: 0x0000004ba8100000,0x0000004ba8200000] [id=7968]
  0x000001ec7de5d9c0 GCTaskThread "GC Thread#4" [stack: 0x0000004ba8200000,0x0000004ba8300000] [id=15164]
  0x000001ec7de5dc80 GCTaskThread "GC Thread#5" [stack: 0x0000004ba8300000,0x0000004ba8400000] [id=18028]
  0x000001ec7e5833e0 GCTaskThread "GC Thread#6" [stack: 0x0000004ba8d00000,0x0000004ba8e00000] [id=12756]
  0x000001ec7e5841a0 GCTaskThread "GC Thread#7" [stack: 0x0000004ba8e00000,0x0000004ba8f00000] [id=11408]
  0x000001ec62ec7c10 ConcurrentGCThread "G1 Main Marker" [stack: 0x0000004ba6c00000,0x0000004ba6d00000] [id=13800]
  0x000001ec62ec8630 ConcurrentGCThread "G1 Conc#0" [stack: 0x0000004ba6d00000,0x0000004ba6e00000] [id=11520]
  0x000001ec7e584ca0 ConcurrentGCThread "G1 Conc#1" [stack: 0x0000004ba8f00000,0x0000004ba9000000] [id=17064]
  0x000001ec62f0d970 ConcurrentGCThread "G1 Refine#0" [stack: 0x0000004ba6e00000,0x0000004ba6f00000] [id=18360]
  0x000001ec7fa4ee60 ConcurrentGCThread "G1 Refine#1" [stack: 0x0000004ba9a00000,0x0000004ba9b00000] [id=15728]
  0x000001ec62f0e3a0 ConcurrentGCThread "G1 Service" [stack: 0x0000004ba6f00000,0x0000004ba7000000] [id=18316]

Threads with active compile tasks:
C2 CompilerThread0    16369 7379       4       groovy.lang.MetaClassImpl$1::methodNameAction (169 bytes)
C2 CompilerThread1    16369 7290       4       org.gradle.internal.instantiation.generator.AbstractClassGenerator::inspectType (560 bytes)

VM state: at safepoint (normal execution)

VM Mutex/Monitor currently owned by a thread:  ([mutex/lock_event])
[0x000001ec62e58db0] Threads_lock - owner thread: 0x000001ec7ce65810
[0x000001ec62e586f0] Heap_lock - owner thread: 0x000001ec7f8c0020

Heap address: 0x0000000080000000, size: 2048 MB, Compressed Oops mode: 32-bit

CDS archive(s) not mapped
Compressed class space mapped at: 0x0000000100000000-0x000000011a000000, reserved size: 436207616
Narrow klass base: 0x0000000000000000, Narrow klass shift: 3, Narrow klass range: 0x11a000000

GC Precious Log:
 CPUs: 8 total, 8 available
 Memory: 16167M
 Large Page Support: Disabled
 NUMA Support: Disabled
 Compressed Oops: Enabled (32-bit)
 Heap Region Size: 1M
 Heap Min Capacity: 8M
 Heap Initial Capacity: 254M
 Heap Max Capacity: 2G
 Pre-touch: Disabled
 Parallel Workers: 8
 Concurrent Workers: 2
 Concurrent Refinement Workers: 8
 Periodic GC: Disabled

Heap:
 garbage-first heap   total 114688K, used 67714K [0x0000000080000000, 0x0000000100000000)
  region size 1024K, 4 young (4096K), 4 survivors (4096K)
 Metaspace       used 75271K, committed 75968K, reserved 491520K
  class space    used 10450K, committed 10752K, reserved 425984K

Heap Regions: E=young(eden), S=young(survivor), O=old, HS=humongous(starts), HC=humongous(continues), CS=collection set, F=free, OA=open archive, CA=closed archive, TAMS=top-at-mark-start (previous, next)
|   0|0x0000000080000000, 0x0000000080100000, 0x0000000080100000|100%|HS|  |TAMS 0x0000000080100000, 0x0000000080100000| Complete 
|   1|0x0000000080100000, 0x0000000080200000, 0x0000000080200000|100%|HC|  |TAMS 0x0000000080200000, 0x0000000080200000| Complete 
|   2|0x0000000080200000, 0x0000000080300000, 0x0000000080300000|100%|HC|  |TAMS 0x0000000080300000, 0x0000000080300000| Complete 
|   3|0x0000000080300000, 0x0000000080400000, 0x0000000080400000|100%|HC|  |TAMS 0x0000000080400000, 0x0000000080400000| Complete 
|   4|0x0000000080400000, 0x0000000080500000, 0x0000000080500000|100%| O|  |TAMS 0x0000000080500000, 0x0000000080500000| Untracked 
|   5|0x0000000080500000, 0x0000000080600000, 0x0000000080600000|100%| O|  |TAMS 0x0000000080600000, 0x0000000080600000| Untracked 
|   6|0x0000000080600000, 0x0000000080700000, 0x0000000080700000|100%| O|  |TAMS 0x0000000080700000, 0x0000000080700000| Untracked 
|   7|0x0000000080700000, 0x0000000080800000, 0x0000000080800000|100%| O|  |TAMS 0x0000000080800000, 0x0000000080800000| Untracked 
|   8|0x0000000080800000, 0x0000000080900000, 0x0000000080900000|100%| O|  |TAMS 0x0000000080900000, 0x0000000080900000| Untracked 
|   9|0x0000000080900000, 0x0000000080a00000, 0x0000000080a00000|100%| O|  |TAMS 0x0000000080a00000, 0x0000000080a00000| Untracked 
|  10|0x0000000080a00000, 0x0000000080b00000, 0x0000000080b00000|100%| O|  |TAMS 0x0000000080b00000, 0x0000000080b00000| Untracked 
|  11|0x0000000080b00000, 0x0000000080c00000, 0x0000000080c00000|100%| O|  |TAMS 0x0000000080c00000, 0x0000000080c00000| Untracked 
|  12|0x0000000080c00000, 0x0000000080d00000, 0x0000000080d00000|100%| O|  |TAMS 0x0000000080d00000, 0x0000000080d00000| Untracked 
|  13|0x0000000080d00000, 0x0000000080e00000, 0x0000000080e00000|100%| O|  |TAMS 0x0000000080e00000, 0x0000000080e00000| Untracked 
|  14|0x0000000080e00000, 0x0000000080f00000, 0x0000000080f00000|100%| O|  |TAMS 0x0000000080f00000, 0x0000000080f00000| Untracked 
|  15|0x0000000080f00000, 0x0000000081000000, 0x0000000081000000|100%| O|  |TAMS 0x0000000081000000, 0x0000000081000000| Untracked 
|  16|0x0000000081000000, 0x0000000081100000, 0x0000000081100000|100%| O|  |TAMS 0x0000000081100000, 0x0000000081100000| Untracked 
|  17|0x0000000081100000, 0x0000000081200000, 0x0000000081200000|100%| O|  |TAMS 0x0000000081200000, 0x0000000081200000| Untracked 
|  18|0x0000000081200000, 0x0000000081300000, 0x0000000081300000|100%| O|  |TAMS 0x0000000081300000, 0x0000000081300000| Untracked 
|  19|0x0000000081300000, 0x0000000081400000, 0x0000000081400000|100%| O|  |TAMS 0x0000000081400000, 0x0000000081400000| Untracked 
|  20|0x0000000081400000, 0x0000000081500000, 0x0000000081500000|100%| O|  |TAMS 0x0000000081500000, 0x0000000081500000| Untracked 
|  21|0x0000000081500000, 0x0000000081600000, 0x0000000081600000|100%| O|  |TAMS 0x0000000081600000, 0x0000000081600000| Untracked 
|  22|0x0000000081600000, 0x0000000081700000, 0x0000000081700000|100%| O|  |TAMS 0x0000000081700000, 0x0000000081700000| Untracked 
|  23|0x0000000081700000, 0x0000000081800000, 0x0000000081800000|100%| O|  |TAMS 0x0000000081800000, 0x0000000081800000| Untracked 
|  24|0x0000000081800000, 0x0000000081900000, 0x0000000081900000|100%| O|  |TAMS 0x0000000081900000, 0x0000000081900000| Untracked 
|  25|0x0000000081900000, 0x0000000081a00000, 0x0000000081a00000|100%| O|  |TAMS 0x0000000081a00000, 0x0000000081a00000| Untracked 
|  26|0x0000000081a00000, 0x0000000081b00000, 0x0000000081b00000|100%| O|  |TAMS 0x0000000081b00000, 0x0000000081b00000| Untracked 
|  27|0x0000000081b00000, 0x0000000081c00000, 0x0000000081c00000|100%| O|  |TAMS 0x0000000081c00000, 0x0000000081c00000| Untracked 
|  28|0x0000000081c00000, 0x0000000081d00000, 0x0000000081d00000|100%| O|  |TAMS 0x0000000081d00000, 0x0000000081d00000| Untracked 
|  29|0x0000000081d00000, 0x0000000081e00000, 0x0000000081e00000|100%| O|  |TAMS 0x0000000081e00000, 0x0000000081e00000| Untracked 
|  30|0x0000000081e00000, 0x0000000081f00000, 0x0000000081f00000|100%| O|  |TAMS 0x0000000081f00000, 0x0000000081f00000| Untracked 
|  31|0x0000000081f00000, 0x0000000082000000, 0x0000000082000000|100%| O|  |TAMS 0x0000000082000000, 0x0000000082000000| Untracked 
|  32|0x0000000082000000, 0x0000000082100000, 0x0000000082100000|100%| O|  |TAMS 0x0000000082100000, 0x0000000082100000| Untracked 
|  33|0x0000000082100000, 0x0000000082200000, 0x0000000082200000|100%| O|  |TAMS 0x0000000082200000, 0x0000000082200000| Untracked 
|  34|0x0000000082200000, 0x0000000082300000, 0x0000000082300000|100%| O|  |TAMS 0x0000000082300000, 0x0000000082300000| Untracked 
|  35|0x0000000082300000, 0x0000000082400000, 0x0000000082400000|100%| O|  |TAMS 0x0000000082400000, 0x0000000082400000| Untracked 
|  36|0x0000000082400000, 0x0000000082500000, 0x0000000082500000|100%| O|  |TAMS 0x0000000082500000, 0x0000000082500000| Untracked 
|  37|0x0000000082500000, 0x0000000082600000, 0x0000000082600000|100%| O|  |TAMS 0x0000000082600000, 0x0000000082600000| Untracked 
|  38|0x0000000082600000, 0x0000000082700000, 0x0000000082700000|100%| O|  |TAMS 0x0000000082700000, 0x0000000082700000| Untracked 
|  39|0x0000000082700000, 0x0000000082800000, 0x0000000082800000|100%| O|  |TAMS 0x0000000082800000, 0x0000000082800000| Untracked 
|  40|0x0000000082800000, 0x0000000082900000, 0x0000000082900000|100%| O|  |TAMS 0x0000000082900000, 0x0000000082900000| Untracked 
|  41|0x0000000082900000, 0x0000000082a00000, 0x0000000082a00000|100%| O|  |TAMS 0x0000000082a00000, 0x0000000082a00000| Untracked 
|  42|0x0000000082a00000, 0x0000000082b00000, 0x0000000082b00000|100%|HS|  |TAMS 0x0000000082b00000, 0x0000000082b00000| Complete 
|  43|0x0000000082b00000, 0x0000000082c00000, 0x0000000082c00000|100%|HC|  |TAMS 0x0000000082c00000, 0x0000000082c00000| Complete 
|  44|0x0000000082c00000, 0x0000000082d00000, 0x0000000082d00000|100%|HS|  |TAMS 0x0000000082d00000, 0x0000000082d00000| Complete 
|  45|0x0000000082d00000, 0x0000000082e00000, 0x0000000082e00000|100%|HC|  |TAMS 0x0000000082e00000, 0x0000000082e00000| Complete 
|  46|0x0000000082e00000, 0x0000000082f00000, 0x0000000082f00000|100%| O|  |TAMS 0x0000000082f00000, 0x0000000082f00000| Untracked 
|  47|0x0000000082f00000, 0x0000000083000000, 0x0000000083000000|100%| O|  |TAMS 0x0000000083000000, 0x0000000083000000| Untracked 
|  48|0x0000000083000000, 0x0000000083100000, 0x0000000083100000|100%|HS|  |TAMS 0x0000000083100000, 0x0000000083100000| Complete 
|  49|0x0000000083100000, 0x0000000083200000, 0x0000000083200000|100%|HC|  |TAMS 0x0000000083200000, 0x0000000083200000| Complete 
|  50|0x0000000083200000, 0x0000000083300000, 0x0000000083300000|100%|HC|  |TAMS 0x0000000083300000, 0x0000000083300000| Complete 
|  51|0x0000000083300000, 0x0000000083400000, 0x0000000083400000|100%|HC|  |TAMS 0x0000000083400000, 0x0000000083400000| Complete 
|  52|0x0000000083400000, 0x0000000083500000, 0x0000000083500000|100%|HS|  |TAMS 0x0000000083500000, 0x0000000083500000| Complete 
|  53|0x0000000083500000, 0x0000000083600000, 0x0000000083600000|100%|HC|  |TAMS 0x0000000083600000, 0x0000000083600000| Complete 
|  54|0x0000000083600000, 0x0000000083700000, 0x0000000083700000|100%|HC|  |TAMS 0x0000000083700000, 0x0000000083700000| Complete 
|  55|0x0000000083700000, 0x0000000083800000, 0x0000000083800000|100%|HC|  |TAMS 0x0000000083800000, 0x0000000083800000| Complete 
|  56|0x0000000083800000, 0x0000000083900000, 0x0000000083900000|100%| O|  |TAMS 0x0000000083900000, 0x0000000083900000| Untracked 
|  57|0x0000000083900000, 0x0000000083a00000, 0x0000000083a00000|100%| O|  |TAMS 0x0000000083a00000, 0x0000000083a00000| Untracked 
|  58|0x0000000083a00000, 0x0000000083b00000, 0x0000000083b00000|100%| O|  |TAMS 0x0000000083ada400, 0x0000000083b00000| Untracked 
|  59|0x0000000083b00000, 0x0000000083c00000, 0x0000000083c00000|100%| O|  |TAMS 0x0000000083b00000, 0x0000000083c00000| Untracked 
|  60|0x0000000083c00000, 0x0000000083d00000, 0x0000000083d00000|100%| O|  |TAMS 0x0000000083c00000, 0x0000000083c44e00| Untracked 
|  61|0x0000000083d00000, 0x0000000083e00000, 0x0000000083e00000|100%| O|  |TAMS 0x0000000083d00000, 0x0000000083d00000| Untracked 
|  62|0x0000000083e00000, 0x0000000083e20a00, 0x0000000083f00000| 12%| O|  |TAMS 0x0000000083e00000, 0x0000000083e00000| Untracked 
|  63|0x0000000083f00000, 0x0000000083f00000, 0x0000000084000000|  0%| F|  |TAMS 0x0000000083f00000, 0x0000000083f00000| Untracked 
|  64|0x0000000084000000, 0x0000000084000000, 0x0000000084100000|  0%| F|  |TAMS 0x0000000084000000, 0x0000000084000000| Untracked 
|  65|0x0000000084100000, 0x0000000084100000, 0x0000000084200000|  0%| F|  |TAMS 0x0000000084100000, 0x0000000084100000| Untracked 
|  66|0x0000000084200000, 0x0000000084200000, 0x0000000084300000|  0%| F|  |TAMS 0x0000000084200000, 0x0000000084200000| Untracked 
|  67|0x0000000084300000, 0x0000000084300000, 0x0000000084400000|  0%| F|  |TAMS 0x0000000084300000, 0x0000000084300000| Untracked 
|  68|0x0000000084400000, 0x0000000084400000, 0x0000000084500000|  0%| F|  |TAMS 0x0000000084400000, 0x0000000084400000| Untracked 
|  69|0x0000000084500000, 0x0000000084500000, 0x0000000084600000|  0%| F|  |TAMS 0x0000000084500000, 0x0000000084500000| Untracked 
|  70|0x0000000084600000, 0x0000000084600000, 0x0000000084700000|  0%| F|  |TAMS 0x0000000084600000, 0x0000000084600000| Untracked 
|  71|0x0000000084700000, 0x0000000084700000, 0x0000000084800000|  0%| F|  |TAMS 0x0000000084700000, 0x0000000084700000| Untracked 
|  72|0x0000000084800000, 0x0000000084800000, 0x0000000084900000|  0%| F|  |TAMS 0x0000000084800000, 0x0000000084800000| Untracked 
|  73|0x0000000084900000, 0x0000000084900000, 0x0000000084a00000|  0%| F|  |TAMS 0x0000000084900000, 0x0000000084900000| Untracked 
|  74|0x0000000084a00000, 0x0000000084a00000, 0x0000000084b00000|  0%| F|  |TAMS 0x0000000084a00000, 0x0000000084a00000| Untracked 
|  75|0x0000000084b00000, 0x0000000084b00000, 0x0000000084c00000|  0%| F|  |TAMS 0x0000000084b00000, 0x0000000084b00000| Untracked 
|  76|0x0000000084c00000, 0x0000000084d00000, 0x0000000084d00000|100%| S|CS|TAMS 0x0000000084c00000, 0x0000000084c00000| Complete 
|  77|0x0000000084d00000, 0x0000000084e00000, 0x0000000084e00000|100%| S|CS|TAMS 0x0000000084d00000, 0x0000000084d00000| Complete 
|  78|0x0000000084e00000, 0x0000000084f00000, 0x0000000084f00000|100%| S|CS|TAMS 0x0000000084e00000, 0x0000000084e00000| Complete 
|  79|0x0000000084f00000, 0x0000000085000000, 0x0000000085000000|100%| S|CS|TAMS 0x0000000084f00000, 0x0000000084f00000| Complete 
|  80|0x0000000085000000, 0x0000000085000000, 0x0000000085100000|  0%| F|  |TAMS 0x0000000085000000, 0x0000000085000000| Untracked 
|  81|0x0000000085100000, 0x0000000085100000, 0x0000000085200000|  0%| F|  |TAMS 0x0000000085100000, 0x0000000085100000| Untracked 
|  82|0x0000000085200000, 0x0000000085200000, 0x0000000085300000|  0%| F|  |TAMS 0x0000000085200000, 0x0000000085200000| Untracked 
|  83|0x0000000085300000, 0x0000000085300000, 0x0000000085400000|  0%| F|  |TAMS 0x0000000085300000, 0x0000000085300000| Untracked 
|  84|0x0000000085400000, 0x0000000085400000, 0x0000000085500000|  0%| F|  |TAMS 0x0000000085400000, 0x0000000085400000| Untracked 
|  85|0x0000000085500000, 0x0000000085500000, 0x0000000085600000|  0%| F|  |TAMS 0x0000000085500000, 0x0000000085500000| Untracked 
|  86|0x0000000085600000, 0x0000000085600000, 0x0000000085700000|  0%| F|  |TAMS 0x0000000085600000, 0x0000000085600000| Untracked 
|  87|0x0000000085700000, 0x0000000085700000, 0x0000000085800000|  0%| F|  |TAMS 0x0000000085700000, 0x0000000085700000| Untracked 
|  88|0x0000000085800000, 0x0000000085800000, 0x0000000085900000|  0%| F|  |TAMS 0x0000000085800000, 0x0000000085800000| Untracked 
|  89|0x0000000085900000, 0x0000000085900000, 0x0000000085a00000|  0%| F|  |TAMS 0x0000000085900000, 0x0000000085900000| Untracked 
|  90|0x0000000085a00000, 0x0000000085a00000, 0x0000000085b00000|  0%| F|  |TAMS 0x0000000085a00000, 0x0000000085a00000| Untracked 
|  91|0x0000000085b00000, 0x0000000085b00000, 0x0000000085c00000|  0%| F|  |TAMS 0x0000000085b00000, 0x0000000085b00000| Untracked 
|  92|0x0000000085c00000, 0x0000000085c00000, 0x0000000085d00000|  0%| F|  |TAMS 0x0000000085c00000, 0x0000000085c00000| Untracked 
|  93|0x0000000085d00000, 0x0000000085d00000, 0x0000000085e00000|  0%| F|  |TAMS 0x0000000085d00000, 0x0000000085d00000| Untracked 
|  94|0x0000000085e00000, 0x0000000085e00000, 0x0000000085f00000|  0%| F|  |TAMS 0x0000000085e00000, 0x0000000085e00000| Untracked 
|  95|0x0000000085f00000, 0x0000000085f00000, 0x0000000086000000|  0%| F|  |TAMS 0x0000000085f00000, 0x0000000085f00000| Untracked 
|  96|0x0000000086000000, 0x0000000086000000, 0x0000000086100000|  0%| F|  |TAMS 0x0000000086000000, 0x0000000086000000| Untracked 
|  97|0x0000000086100000, 0x0000000086100000, 0x0000000086200000|  0%| F|  |TAMS 0x0000000086100000, 0x0000000086100000| Untracked 
|  98|0x0000000086200000, 0x0000000086200000, 0x0000000086300000|  0%| F|  |TAMS 0x0000000086200000, 0x0000000086200000| Untracked 
|  99|0x0000000086300000, 0x0000000086300000, 0x0000000086400000|  0%| F|  |TAMS 0x0000000086300000, 0x0000000086300000| Untracked 
| 100|0x0000000086400000, 0x0000000086400000, 0x0000000086500000|  0%| F|  |TAMS 0x0000000086400000, 0x0000000086400000| Untracked 
| 101|0x0000000086500000, 0x0000000086500000, 0x0000000086600000|  0%| F|  |TAMS 0x0000000086500000, 0x0000000086500000| Untracked 
| 195|0x000000008c300000, 0x000000008c300000, 0x000000008c400000|  0%| F|  |TAMS 0x000000008c300000, 0x000000008c300000| Untracked 
| 196|0x000000008c400000, 0x000000008c400000, 0x000000008c500000|  0%| F|  |TAMS 0x000000008c400000, 0x000000008c400000| Untracked 
| 197|0x000000008c500000, 0x000000008c500000, 0x000000008c600000|  0%| F|  |TAMS 0x000000008c500000, 0x000000008c500000| Untracked 
| 198|0x000000008c600000, 0x000000008c600000, 0x000000008c700000|  0%| F|  |TAMS 0x000000008c600000, 0x000000008c600000| Untracked 
| 199|0x000000008c700000, 0x000000008c700000, 0x000000008c800000|  0%| F|  |TAMS 0x000000008c700000, 0x000000008c700000| Untracked 
| 200|0x000000008c800000, 0x000000008c800000, 0x000000008c900000|  0%| F|  |TAMS 0x000000008c800000, 0x000000008c800000| Untracked 
| 201|0x000000008c900000, 0x000000008c900000, 0x000000008ca00000|  0%| F|  |TAMS 0x000000008c900000, 0x000000008c900000| Untracked 
| 202|0x000000008ca00000, 0x000000008ca00000, 0x000000008cb00000|  0%| F|  |TAMS 0x000000008ca00000, 0x000000008ca00000| Untracked 
| 203|0x000000008cb00000, 0x000000008cb00000, 0x000000008cc00000|  0%| F|  |TAMS 0x000000008cb00000, 0x000000008cb00000| Untracked 
| 253|0x000000008fd00000, 0x000000008fd00000, 0x000000008fe00000|  0%| F|  |TAMS 0x000000008fd00000, 0x000000008fd00000| Untracked 

Card table byte_map: [0x000001ec75a60000,0x000001ec75e60000] _byte_map_base: 0x000001ec75660000

Marking Bits (Prev, Next): (CMBitMap*) 0x000001ec62eb7320, (CMBitMap*) 0x000001ec62eb72e0
 Prev Bits: [0x000001ec78260000, 0x000001ec7a260000)
 Next Bits: [0x000001ec76260000, 0x000001ec78260000)

Polling page: 0x000001ec60e10000

Metaspace:

Usage:
  Non-class:     63.30 MB used.
      Class:     10.21 MB used.
       Both:     73.51 MB used.

Virtual space:
  Non-class space:       64.00 MB reserved,      63.69 MB (>99%) committed,  1 nodes.
      Class space:      416.00 MB reserved,      10.50 MB (  3%) committed,  1 nodes.
             Both:      480.00 MB reserved,      74.19 MB ( 15%) committed. 

Chunk freelists:
   Non-Class:  72.00 KB
       Class:  5.33 MB
        Both:  5.40 MB

MaxMetaspaceSize: 512.00 MB
CompressedClassSpaceSize: 416.00 MB
Initial GC threshold: 21.00 MB
Current GC threshold: 118.44 MB
CDS: off
MetaspaceReclaimPolicy: balanced
 - commit_granule_bytes: 65536.
 - commit_granule_words: 8192.
 - virtual_space_node_default_size: 8388608.
 - enlarge_chunks_in_place: 1.
 - new_chunks_are_fully_committed: 0.
 - uncommit_free_chunks: 1.
 - use_allocation_guard: 0.
 - handle_deallocations: 1.


Internal statistics:

num_allocs_failed_limit: 6.
num_arena_births: 880.
num_arena_deaths: 0.
num_vsnodes_births: 2.
num_vsnodes_deaths: 0.
num_space_committed: 1187.
num_space_uncommitted: 0.
num_chunks_returned_to_freelist: 6.
num_chunks_taken_from_freelist: 3656.
num_chunk_merges: 6.
num_chunk_splits: 2353.
num_chunks_enlarged: 1524.
num_inconsistent_stats: 0.

CodeHeap 'non-profiled nmethods': size=120000Kb used=3691Kb max_used=3691Kb free=116308Kb
 bounds [0x000001ec6de00000, 0x000001ec6e1a0000, 0x000001ec75330000]
CodeHeap 'profiled nmethods': size=120000Kb used=12978Kb max_used=12978Kb free=107021Kb
 bounds [0x000001ec66330000, 0x000001ec66fe0000, 0x000001ec6d860000]
CodeHeap 'non-nmethods': size=5760Kb used=2373Kb max_used=2414Kb free=3386Kb
 bounds [0x000001ec6d860000, 0x000001ec6dad0000, 0x000001ec6de00000]
 total_blobs=7487 nmethods=6600 adapters=799
 compilation: enabled
              stopped_count=0, restarted_count=0
 full_count=0

Compilation events (20 events):
Event: 16.331 Thread 0x000001ec7cec4730 nmethod 7371 0x000001ec6e199d10 code [0x000001ec6e199ea0, 0x000001ec6e19a0f8]
Event: 16.331 Thread 0x000001ec7cec4730 7289       4       sun.reflect.generics.tree.SimpleClassTypeSignature::make (11 bytes)
Event: 16.331 Thread 0x000001ec7cec4730 nmethod 7289 0x000001ec6e19a210 code [0x000001ec6e19a380, 0x000001ec6e19a458]
Event: 16.331 Thread 0x000001ec7cec4730 7332       4       java.util.LinkedList$ListItr::checkForComodification (23 bytes)
Event: 16.331 Thread 0x000001ec7cec4730 nmethod 7332 0x000001ec6e19a510 code [0x000001ec6e19a680, 0x000001ec6e19a738]
Event: 16.333 Thread 0x000001ec7cec51e0 7372       3       com.google.common.collect.AbstractSetMultimap::<init> (6 bytes)
Event: 16.334 Thread 0x000001ec7cec51e0 nmethod 7372 0x000001ec66fda410 code [0x000001ec66fda5e0, 0x000001ec66fdaa78]
Event: 16.334 Thread 0x000001ec7cec51e0 7373       3       java.util.LinkedHashMap::get (29 bytes)
Event: 16.335 Thread 0x000001ec7cec51e0 nmethod 7373 0x000001ec66fdac10 code [0x000001ec66fdadc0, 0x000001ec66fdb018]
Event: 16.335 Thread 0x000001ec7cec51e0 7374       3       com.google.common.collect.Lists::newArrayList (36 bytes)
Event: 16.336 Thread 0x000001ec7cec51e0 nmethod 7374 0x000001ec66fdb110 code [0x000001ec66fdb340, 0x000001ec66fdbc98]
Event: 16.336 Thread 0x000001ec7cec51e0 7375       3       org.codehaus.groovy.runtime.callsite.CallSiteArray::lambda$new$0 (13 bytes)
Event: 16.336 Thread 0x000001ec7cec51e0 nmethod 7375 0x000001ec66fdbf10 code [0x000001ec66fdc0c0, 0x000001ec66fdc3b8]
Event: 16.337 Thread 0x000001ec7cec51e0 7376       1       org.codehaus.groovy.runtime.metaclass.NewStaticMetaMethod::isStatic (2 bytes)
Event: 16.337 Thread 0x000001ec7cec51e0 nmethod 7376 0x000001ec6e19a810 code [0x000001ec6e19a9a0, 0x000001ec6e19aa78]
Event: 16.337 Thread 0x000001ec7cec51e0 7377       1       org.codehaus.groovy.runtime.metaclass.NewInstanceMetaMethod::getModifiers (2 bytes)
Event: 16.337 Thread 0x000001ec7cec51e0 nmethod 7377 0x000001ec6e19ab10 code [0x000001ec6e19aca0, 0x000001ec6e19ad78]
Event: 16.337 Thread 0x000001ec7cec51e0 7378       3       org.codehaus.groovy.reflection.stdclasses.CachedSAMClass::isAssignableFrom (30 bytes)
Event: 16.338 Thread 0x000001ec7cec4730 7379       4       groovy.lang.MetaClassImpl$1::methodNameAction (169 bytes)
Event: 16.338 Thread 0x000001ec7cec51e0 nmethod 7378 0x000001ec66fdc510 code [0x000001ec66fdc6e0, 0x000001ec66fdc9f8]

GC Heap History (20 events):
Event: 13.391 GC heap after
{Heap after GC invocations=20 (full 0):
 garbage-first heap   total 95232K, used 41582K [0x0000000080000000, 0x0000000100000000)
  region size 1024K, 1 young (1024K), 1 survivors (1024K)
 Metaspace       used 55894K, committed 56384K, reserved 491520K
  class space    used 7681K, committed 7872K, reserved 425984K
}
Event: 13.638 GC heap before
{Heap before GC invocations=20 (full 0):
 garbage-first heap   total 95232K, used 64110K [0x0000000080000000, 0x0000000100000000)
  region size 1024K, 24 young (24576K), 1 survivors (1024K)
 Metaspace       used 58135K, committed 58752K, reserved 491520K
  class space    used 8052K, committed 8320K, reserved 425984K
}
Event: 13.640 GC heap after
{Heap after GC invocations=21 (full 0):
 garbage-first heap   total 95232K, used 43412K [0x0000000080000000, 0x0000000100000000)
  region size 1024K, 2 young (2048K), 2 survivors (2048K)
 Metaspace       used 58135K, committed 58752K, reserved 491520K
  class space    used 8052K, committed 8320K, reserved 425984K
}
Event: 13.920 GC heap before
{Heap before GC invocations=22 (full 0):
 garbage-first heap   total 95232K, used 64916K [0x0000000080000000, 0x0000000100000000)
  region size 1024K, 23 young (23552K), 2 survivors (2048K)
 Metaspace       used 60128K, committed 60736K, reserved 491520K
  class space    used 8237K, committed 8512K, reserved 425984K
}
Event: 13.923 GC heap after
{Heap after GC invocations=23 (full 0):
 garbage-first heap   total 95232K, used 44719K [0x0000000080000000, 0x0000000100000000)
  region size 1024K, 4 young (4096K), 4 survivors (4096K)
 Metaspace       used 60128K, committed 60736K, reserved 491520K
  class space    used 8237K, committed 8512K, reserved 425984K
}
Event: 13.931 GC heap before
{Heap before GC invocations=23 (full 0):
 garbage-first heap   total 95232K, used 46767K [0x0000000080000000, 0x0000000100000000)
  region size 1024K, 5 young (5120K), 4 survivors (4096K)
 Metaspace       used 60128K, committed 60736K, reserved 491520K
  class space    used 8237K, committed 8512K, reserved 425984K
}
Event: 13.934 GC heap after
{Heap after GC invocations=24 (full 0):
 garbage-first heap   total 95232K, used 47141K [0x0000000080000000, 0x0000000100000000)
  region size 1024K, 3 young (3072K), 3 survivors (3072K)
 Metaspace       used 60128K, committed 60736K, reserved 491520K
  class space    used 8237K, committed 8512K, reserved 425984K
}
Event: 14.262 GC heap before
{Heap before GC invocations=25 (full 0):
 garbage-first heap   total 95232K, used 68645K [0x0000000080000000, 0x0000000100000000)
  region size 1024K, 23 young (23552K), 3 survivors (3072K)
 Metaspace       used 62685K, committed 63360K, reserved 491520K
  class space    used 8581K, committed 8896K, reserved 425984K
}
Event: 14.265 GC heap after
{Heap after GC invocations=26 (full 0):
 garbage-first heap   total 95232K, used 50549K [0x0000000080000000, 0x0000000100000000)
  region size 1024K, 2 young (2048K), 2 survivors (2048K)
 Metaspace       used 62685K, committed 63360K, reserved 491520K
  class space    used 8581K, committed 8896K, reserved 425984K
}
Event: 14.576 GC heap before
{Heap before GC invocations=27 (full 0):
 garbage-first heap   total 102400K, used 84341K [0x0000000080000000, 0x0000000100000000)
  region size 1024K, 27 young (27648K), 2 survivors (2048K)
 Metaspace       used 64898K, committed 65600K, reserved 491520K
  class space    used 8901K, committed 9216K, reserved 425984K
}
Event: 14.579 GC heap after
{Heap after GC invocations=28 (full 0):
 garbage-first heap   total 102400K, used 60351K [0x0000000080000000, 0x0000000100000000)
  region size 1024K, 4 young (4096K), 4 survivors (4096K)
 Metaspace       used 64898K, committed 65600K, reserved 491520K
  class space    used 8901K, committed 9216K, reserved 425984K
}
Event: 14.936 GC heap before
{Heap before GC invocations=28 (full 0):
 garbage-first heap   total 102400K, used 83903K [0x0000000080000000, 0x0000000100000000)
  region size 1024K, 27 young (27648K), 4 survivors (4096K)
 Metaspace       used 67540K, committed 68224K, reserved 491520K
  class space    used 9255K, committed 9536K, reserved 425984K
}
Event: 14.940 GC heap after
{Heap after GC invocations=29 (full 0):
 garbage-first heap   total 102400K, used 61907K [0x0000000080000000, 0x0000000100000000)
  region size 1024K, 4 young (4096K), 4 survivors (4096K)
 Metaspace       used 67540K, committed 68224K, reserved 491520K
  class space    used 9255K, committed 9536K, reserved 425984K
}
Event: 15.240 GC heap before
{Heap before GC invocations=30 (full 0):
 garbage-first heap   total 111616K, used 84435K [0x0000000080000000, 0x0000000100000000)
  region size 1024K, 26 young (26624K), 4 survivors (4096K)
 Metaspace       used 69700K, committed 70400K, reserved 491520K
  class space    used 9613K, committed 9920K, reserved 425984K
}
Event: 15.243 GC heap after
{Heap after GC invocations=31 (full 0):
 garbage-first heap   total 111616K, used 62910K [0x0000000080000000, 0x0000000100000000)
  region size 1024K, 3 young (3072K), 3 survivors (3072K)
 Metaspace       used 69700K, committed 70400K, reserved 491520K
  class space    used 9613K, committed 9920K, reserved 425984K
}
Event: 15.580 GC heap before
{Heap before GC invocations=31 (full 0):
 garbage-first heap   total 111616K, used 91582K [0x0000000080000000, 0x0000000100000000)
  region size 1024K, 31 young (31744K), 3 survivors (3072K)
 Metaspace       used 71881K, committed 72576K, reserved 491520K
  class space    used 9947K, committed 10240K, reserved 425984K
}
Event: 15.583 GC heap after
{Heap after GC invocations=32 (full 0):
 garbage-first heap   total 111616K, used 63763K [0x0000000080000000, 0x0000000100000000)
  region size 1024K, 2 young (2048K), 2 survivors (2048K)
 Metaspace       used 71881K, committed 72576K, reserved 491520K
  class space    used 9947K, committed 10240K, reserved 425984K
}
Event: 15.911 GC heap before
{Heap before GC invocations=33 (full 0):
 garbage-first heap   total 114688K, used 91411K [0x0000000080000000, 0x0000000100000000)
  region size 1024K, 29 young (29696K), 2 survivors (2048K)
 Metaspace       used 73675K, committed 74368K, reserved 491520K
  class space    used 10207K, committed 10496K, reserved 425984K
}
Event: 15.914 GC heap after
{Heap after GC invocations=34 (full 0):
 garbage-first heap   total 114688K, used 65106K [0x0000000080000000, 0x0000000100000000)
  region size 1024K, 4 young (4096K), 4 survivors (4096K)
 Metaspace       used 73675K, committed 74368K, reserved 491520K
  class space    used 10207K, committed 10496K, reserved 425984K
}
Event: 16.338 GC heap before
{Heap before GC invocations=34 (full 0):
 garbage-first heap   total 114688K, used 93778K [0x0000000080000000, 0x0000000100000000)
  region size 1024K, 32 young (32768K), 4 survivors (4096K)
 Metaspace       used 75271K, committed 75968K, reserved 491520K
  class space    used 10450K, committed 10752K, reserved 425984K
}

Dll operation events (3 events):
Event: 0.009 Loaded shared library C:\Program Files\Android\Android Studio\jbr\bin\java.dll
Event: 0.122 Loaded shared library C:\Program Files\Android\Android Studio\jbr\bin\zip.dll
Event: 0.325 Loaded shared library C:\Program Files\Android\Android Studio\jbr\bin\verify.dll

Deoptimization events (20 events):
Event: 15.860 Thread 0x000001ec7f8c0020 DEOPT PACKING pc=0x000001ec66cd1ad1 sp=0x0000004ba89f7f10
Event: 15.860 Thread 0x000001ec7f8c0020 DEOPT UNPACKING pc=0x000001ec6d8bace3 sp=0x0000004ba89f7408 mode 0
Event: 15.938 Thread 0x000001ec7eaea940 DEOPT PACKING pc=0x000001ec66dcc9ab sp=0x0000004ba91fe700
Event: 15.938 Thread 0x000001ec7eaea940 DEOPT UNPACKING pc=0x000001ec6d8bace3 sp=0x0000004ba91fdbc0 mode 0
Event: 15.957 Thread 0x000001ec7eaea940 DEOPT PACKING pc=0x000001ec66c7a4d9 sp=0x0000004ba91fe9d0
Event: 15.957 Thread 0x000001ec7eaea940 DEOPT UNPACKING pc=0x000001ec6d8bace3 sp=0x0000004ba91fde70 mode 0
Event: 16.086 Thread 0x000001ec7f8c0020 Uncommon trap: trap_request=0xfffffff4 fr.pc=0x000001ec6e1796e8 relative=0x0000000000000068
Event: 16.086 Thread 0x000001ec7f8c0020 Uncommon trap: reason=null_check action=make_not_entrant pc=0x000001ec6e1796e8 method=java.lang.Class.isAnnotation()Z @ 1 c2
Event: 16.086 Thread 0x000001ec7f8c0020 DEOPT PACKING pc=0x000001ec6e1796e8 sp=0x0000004ba89f76e0
Event: 16.086 Thread 0x000001ec7f8c0020 DEOPT UNPACKING pc=0x000001ec6d8ba1a3 sp=0x0000004ba89f7670 mode 2
Event: 16.162 Thread 0x000001ec7f8c0020 DEOPT PACKING pc=0x000001ec6648b97d sp=0x0000004ba89f6650
Event: 16.162 Thread 0x000001ec7f8c0020 DEOPT UNPACKING pc=0x000001ec6d8bace3 sp=0x0000004ba89f5bf0 mode 0
Event: 16.319 Thread 0x000001ec7f8c0020 Uncommon trap: trap_request=0xffffff45 fr.pc=0x000001ec6df3c394 relative=0x00000000000002d4
Event: 16.319 Thread 0x000001ec7f8c0020 Uncommon trap: reason=unstable_if action=reinterpret pc=0x000001ec6df3c394 method=java.util.HashMap.getNode(Ljava/lang/Object;)Ljava/util/HashMap$Node; @ 57 c2
Event: 16.319 Thread 0x000001ec7f8c0020 DEOPT PACKING pc=0x000001ec6df3c394 sp=0x0000004ba89f8680
Event: 16.319 Thread 0x000001ec7f8c0020 DEOPT UNPACKING pc=0x000001ec6d8ba1a3 sp=0x0000004ba89f85b0 mode 2
Event: 16.319 Thread 0x000001ec7f8c0020 Uncommon trap: trap_request=0xffffff45 fr.pc=0x000001ec6df70254 relative=0x0000000000000774
Event: 16.319 Thread 0x000001ec7f8c0020 Uncommon trap: reason=unstable_if action=reinterpret pc=0x000001ec6df70254 method=java.util.HashMap.putVal(ILjava/lang/Object;Ljava/lang/Object;ZZ)Ljava/lang/Object; @ 85 c2
Event: 16.319 Thread 0x000001ec7f8c0020 DEOPT PACKING pc=0x000001ec6df70254 sp=0x0000004ba89f8660
Event: 16.319 Thread 0x000001ec7f8c0020 DEOPT UNPACKING pc=0x000001ec6d8ba1a3 sp=0x0000004ba89f8590 mode 2

Classes unloaded (0 events):
No events

Classes redefined (0 events):
No events

Internal exceptions (20 events):
Event: 16.224 Thread 0x000001ec7eae9500 Exception <a 'java/lang/NoSuchMethodError'{0x0000000085a89b78}: static Lorg/gradle/internal/build/event/types/DefaultOperationFinishedProgressEvent;.<clinit>()V> (0x0000000085a89b78) 
thrown [s\src\hotspot\share\prims\jni.cpp, line 1127]
Event: 16.228 Thread 0x000001ec7eae9500 Exception <a 'java/lang/NoSuchMethodError'{0x0000000085ab49d8}: static Lorg/gradle/internal/build/event/types/DefaultProjectConfigurationSuccessResult;.<clinit>()V> (0x0000000085ab49d8) 
thrown [s\src\hotspot\share\prims\jni.cpp, line 1127]
Event: 16.228 Thread 0x000001ec7eae9500 Exception <a 'java/lang/NoSuchMethodError'{0x0000000085ab5f70}: static Lorg/gradle/internal/build/event/types/AbstractProjectConfigurationResult;.<clinit>()V> (0x0000000085ab5f70) 
thrown [s\src\hotspot\share\prims\jni.cpp, line 1127]
Event: 16.228 Thread 0x000001ec7eae9500 Exception <a 'java/lang/NoSuchMethodError'{0x0000000085ab76b8}: static Lorg/gradle/internal/build/event/types/AbstractOperationResult;.<clinit>()V> (0x0000000085ab76b8) 
thrown [s\src\hotspot\share\prims\jni.cpp, line 1127]
Event: 16.228 Thread 0x000001ec7eae9500 Exception <a 'java/lang/NoSuchMethodError'{0x0000000085ab8b30}: static Lorg/gradle/internal/build/event/types/AbstractResult;.<clinit>()V> (0x0000000085ab8b30) 
thrown [s\src\hotspot\share\prims\jni.cpp, line 1127]
Event: 16.229 Thread 0x000001ec7eae9500 Exception <a 'java/lang/NoSuchMethodError'{0x0000000085ace300}: static Lorg/gradle/internal/build/event/types/DefaultPluginApplicationResult;.<clinit>()V> (0x0000000085ace300) 
thrown [s\src\hotspot\share\prims\jni.cpp, line 1127]
Event: 16.230 Thread 0x000001ec7eae9500 Exception <a 'java/lang/NoSuchMethodError'{0x0000000085adad18}: static Lorg/gradle/internal/build/event/types/DefaultBinaryPluginIdentifier;.<clinit>()V> (0x0000000085adad18) 
thrown [s\src\hotspot\share\prims\jni.cpp, line 1127]
Event: 16.232 Thread 0x000001ec7eae9500 Exception <a 'java/lang/NoSuchMethodError'{0x0000000085af4dd0}: static Lorg/gradle/internal/build/event/types/DefaultScriptPluginIdentifier;.<clinit>()V> (0x0000000085af4dd0) 
thrown [s\src\hotspot\share\prims\jni.cpp, line 1127]
Event: 16.253 Thread 0x000001ec7f8c0020 Exception <a 'java/lang/ClassNotFoundException'{0x000000008587e678}: org/gradle/api/internal/project/DefaultProject_DecoratedBeanInfo> (0x000000008587e678) 
thrown [s\src\hotspot\share\classfile\systemDictionary.cpp, line 256]
Event: 16.253 Thread 0x000001ec7f8c0020 Exception <a 'java/lang/ClassNotFoundException'{0x000000008588a3f0}: org/gradle/api/internal/project/DefaultProjectBeanInfo> (0x000000008588a3f0) 
thrown [s\src\hotspot\share\classfile\systemDictionary.cpp, line 256]
Event: 16.254 Thread 0x000001ec7f8c0020 Exception <a 'java/lang/ClassNotFoundException'{0x0000000085895eb8}: org/gradle/api/internal/project/DefaultProjectCustomizer> (0x0000000085895eb8) 
thrown [s\src\hotspot\share\classfile\systemDictionary.cpp, line 256]
Event: 16.258 Thread 0x000001ec7f8c0020 Exception <a 'java/lang/ClassNotFoundException'{0x000000008573eb28}: org/gradle/api/internal/project/DefaultProject_DecoratedCustomizer> (0x000000008573eb28) 
thrown [s\src\hotspot\share\classfile\systemDictionary.cpp, line 256]
Event: 16.266 Thread 0x000001ec7f8c0020 Exception <a 'java/lang/ClassNotFoundException'{0x00000000857c05d8}: groovy/runtime/metaclass/[LMavenRepo;MetaClass> (0x00000000857c05d8) 
thrown [s\src\hotspot\share\prims\jni.cpp, line 550]
Event: 16.267 Thread 0x000001ec7f8c0020 Exception <a 'java/lang/ClassNotFoundException'{0x00000000857c7878}: [LMavenRepo;BeanInfo> (0x00000000857c7878) 
thrown [s\src\hotspot\share\prims\jni.cpp, line 550]
Event: 16.267 Thread 0x000001ec7f8c0020 Exception <a 'java/lang/ClassNotFoundException'{0x00000000857c8e20}: [LMavenRepo;BeanInfo> (0x00000000857c8e20) 
thrown [s\src\hotspot\share\prims\jni.cpp, line 550]
Event: 16.267 Thread 0x000001ec7f8c0020 Exception <a 'java/lang/ClassNotFoundException'{0x00000000857ca3c8}: [LMavenRepo;BeanInfo> (0x00000000857ca3c8) 
thrown [s\src\hotspot\share\prims\jni.cpp, line 550]
Event: 16.267 Thread 0x000001ec7f8c0020 Exception <a 'java/lang/ClassNotFoundException'{0x00000000857cb9f0}: [LMavenRepo;Customizer> (0x00000000857cb9f0) 
thrown [s\src\hotspot\share\prims\jni.cpp, line 550]
Event: 16.267 Thread 0x000001ec7f8c0020 Exception <a 'java/lang/ClassNotFoundException'{0x00000000857ccf98}: [LMavenRepo;Customizer> (0x00000000857ccf98) 
thrown [s\src\hotspot\share\prims\jni.cpp, line 550]
Event: 16.267 Thread 0x000001ec7f8c0020 Exception <a 'java/lang/ClassNotFoundException'{0x00000000857ce540}: [LMavenRepo;Customizer> (0x00000000857ce540) 
thrown [s\src\hotspot\share\prims\jni.cpp, line 550]
Event: 16.338 Thread 0x000001ec7f8c0020 Exception <a 'java/lang/ClassNotFoundException'{0x00000000850f6c20}: build_302h1qcb4o8bkxn5tjbxjpmx8BeanInfo> (0x00000000850f6c20) 
thrown [s\src\hotspot\share\classfile\systemDictionary.cpp, line 256]

VM Operations (20 events):
Event: 14.940 Executing VM operation: G1CollectForAllocation done
Event: 14.976 Executing VM operation: G1PauseRemark
Event: 14.978 Executing VM operation: G1PauseRemark done
Event: 14.998 Executing VM operation: G1PauseCleanup
Event: 14.998 Executing VM operation: G1PauseCleanup done
Event: 15.240 Executing VM operation: G1CollectForAllocation
Event: 15.243 Executing VM operation: G1CollectForAllocation done
Event: 15.517 Executing VM operation: HandshakeAllThreads
Event: 15.517 Executing VM operation: HandshakeAllThreads done
Event: 15.580 Executing VM operation: G1CollectForAllocation
Event: 15.583 Executing VM operation: G1CollectForAllocation done
Event: 15.626 Executing VM operation: G1PauseRemark
Event: 15.628 Executing VM operation: G1PauseRemark done
Event: 15.648 Executing VM operation: G1PauseCleanup
Event: 15.648 Executing VM operation: G1PauseCleanup done
Event: 15.911 Executing VM operation: G1CollectForAllocation
Event: 15.914 Executing VM operation: G1CollectForAllocation done
Event: 16.143 Executing VM operation: ICBufferFull
Event: 16.143 Executing VM operation: ICBufferFull done
Event: 16.338 Executing VM operation: G1CollectForAllocation

Events (20 events):
Event: 15.143 loading class java/util/regex/Pattern$SliceI done
Event: 15.162 Thread 0x000001ec7f9c9440 Thread added: 0x000001ec7f9c9440
Event: 15.165 loading class java/lang/Byte$ByteCache
Event: 15.165 loading class java/lang/Byte$ByteCache done
Event: 15.515 loading class java/util/AbstractList$ListItr
Event: 15.516 loading class java/util/AbstractList$ListItr done
Event: 15.604 loading class java/util/regex/Pattern$1
Event: 15.605 loading class java/util/regex/Pattern$1 done
Event: 16.221 loading class java/util/stream/SortedOps$RefSortingSink
Event: 16.222 loading class java/util/stream/SortedOps$RefSortingSink done
Event: 16.231 loading class java/time/Ser
Event: 16.231 loading class java/time/Ser done
Event: 16.240 loading class java/lang/AbstractMethodError
Event: 16.240 loading class java/lang/AbstractMethodError done
Event: 16.262 loading class org/xml/sax/Attributes
Event: 16.262 loading class org/xml/sax/Attributes done
Event: 16.262 loading class org/xml/sax/SAXParseException
Event: 16.262 loading class org/xml/sax/SAXParseException done
Event: 16.263 loading class org/xml/sax/Locator
Event: 16.263 loading class org/xml/sax/Locator done


Dynamic libraries:
0x00007ff7af160000 - 0x00007ff7af16a000 	C:\Program Files\Android\Android Studio\jbr\bin\java.exe
0x00007ffda1690000 - 0x00007ffda18a7000 	C:\WINDOWS\SYSTEM32\ntdll.dll
0x00007ffda0a10000 - 0x00007ffda0ad4000 	C:\WINDOWS\System32\KERNEL32.DLL
0x00007ffd9ee40000 - 0x00007ffd9f1ed000 	C:\WINDOWS\System32\KERNELBASE.dll
0x00007ffd9ec00000 - 0x00007ffd9ed11000 	C:\WINDOWS\System32\ucrtbase.dll
0x00007ffd84440000 - 0x00007ffd84457000 	C:\Program Files\Android\Android Studio\jbr\bin\jli.dll
0x00007ffd983a0000 - 0x00007ffd983bb000 	C:\Program Files\Android\Android Studio\jbr\bin\VCRUNTIME140.dll
0x00007ffd9f910000 - 0x00007ffd9fabe000 	C:\WINDOWS\System32\USER32.dll
0x00007ffd87310000 - 0x00007ffd875a3000 	C:\WINDOWS\WinSxS\amd64_microsoft.windows.common-controls_6595b64144ccf1df_6.0.22621.3672_none_2713b9d173822955\COMCTL32.dll
0x00007ffd9f1f0000 - 0x00007ffd9f216000 	C:\WINDOWS\System32\win32u.dll
0x00007ffda1480000 - 0x00007ffda1527000 	C:\WINDOWS\System32\msvcrt.dll
0x00007ffda0d50000 - 0x00007ffda0d79000 	C:\WINDOWS\System32\GDI32.dll
0x00007ffd9ed20000 - 0x00007ffd9ee39000 	C:\WINDOWS\System32\gdi32full.dll
0x00007ffd9e9b0000 - 0x00007ffd9ea4a000 	C:\WINDOWS\System32\msvcp_win.dll
0x00007ffda1340000 - 0x00007ffda1371000 	C:\WINDOWS\System32\IMM32.DLL
0x00007ffd98390000 - 0x00007ffd9839c000 	C:\Program Files\Android\Android Studio\jbr\bin\vcruntime140_1.dll
0x00007ffd14980000 - 0x00007ffd14a0d000 	C:\Program Files\Android\Android Studio\jbr\bin\msvcp140.dll
0x00007ffd0e090000 - 0x00007ffd0ed13000 	C:\Program Files\Android\Android Studio\jbr\bin\server\jvm.dll
0x00007ffda0d80000 - 0x00007ffda0e32000 	C:\WINDOWS\System32\ADVAPI32.dll
0x00007ffda0930000 - 0x00007ffda09d9000 	C:\WINDOWS\System32\sechost.dll
0x00007ffd9f220000 - 0x00007ffd9f248000 	C:\WINDOWS\System32\bcrypt.dll
0x00007ffda1530000 - 0x00007ffda1644000 	C:\WINDOWS\System32\RPCRT4.dll
0x00007ffd97fd0000 - 0x00007ffd97fd9000 	C:\WINDOWS\SYSTEM32\WSOCK32.dll
0x00007ffd9dce0000 - 0x00007ffd9dd2d000 	C:\WINDOWS\SYSTEM32\POWRPROF.dll
0x00007ffd98060000 - 0x00007ffd98094000 	C:\WINDOWS\SYSTEM32\WINMM.dll
0x00007ffd9fb80000 - 0x00007ffd9fbf1000 	C:\WINDOWS\System32\WS2_32.dll
0x00007ffd97e60000 - 0x00007ffd97e6a000 	C:\WINDOWS\SYSTEM32\VERSION.dll
0x00007ffd9dc60000 - 0x00007ffd9dc73000 	C:\WINDOWS\SYSTEM32\UMPDC.dll
0x00007ffd9da30000 - 0x00007ffd9da48000 	C:\WINDOWS\SYSTEM32\kernel.appcore.dll
0x00007ffd97fc0000 - 0x00007ffd97fca000 	C:\Program Files\Android\Android Studio\jbr\bin\jimage.dll
0x00007ffd9b720000 - 0x00007ffd9b952000 	C:\WINDOWS\SYSTEM32\DBGHELP.DLL
0x00007ffd9f580000 - 0x00007ffd9f90d000 	C:\WINDOWS\System32\combase.dll
0x00007ffda0b60000 - 0x00007ffda0c37000 	C:\WINDOWS\System32\OLEAUT32.dll
0x00007ffd81ef0000 - 0x00007ffd81f22000 	C:\WINDOWS\SYSTEM32\dbgcore.DLL
0x00007ffd9eb80000 - 0x00007ffd9ebfb000 	C:\WINDOWS\System32\bcryptPrimitives.dll
0x00007ffd84460000 - 0x00007ffd8446e000 	C:\Program Files\Android\Android Studio\jbr\bin\instrument.dll
0x00007ffd85000000 - 0x00007ffd85025000 	C:\Program Files\Android\Android Studio\jbr\bin\java.dll
0x00007ffd8fc00000 - 0x00007ffd8fc18000 	C:\Program Files\Android\Android Studio\jbr\bin\zip.dll
0x00007ffd9fd60000 - 0x00007ffda05c8000 	C:\WINDOWS\System32\SHELL32.dll
0x00007ffd9c8b0000 - 0x00007ffd9d1ae000 	C:\WINDOWS\SYSTEM32\windows.storage.dll
0x00007ffd9c770000 - 0x00007ffd9c8af000 	C:\WINDOWS\SYSTEM32\wintypes.dll
0x00007ffda1380000 - 0x00007ffda1479000 	C:\WINDOWS\System32\SHCORE.dll
0x00007ffd9fb10000 - 0x00007ffd9fb6e000 	C:\WINDOWS\System32\shlwapi.dll
0x00007ffd9e8e0000 - 0x00007ffd9e901000 	C:\WINDOWS\SYSTEM32\profapi.dll
0x00007ffd84fe0000 - 0x00007ffd84ff9000 	C:\Program Files\Android\Android Studio\jbr\bin\net.dll
0x00007ffd9afe0000 - 0x00007ffd9b116000 	C:\WINDOWS\SYSTEM32\WINHTTP.dll
0x00007ffd9df40000 - 0x00007ffd9dfa9000 	C:\WINDOWS\system32\mswsock.dll
0x00007ffd84fc0000 - 0x00007ffd84fd6000 	C:\Program Files\Android\Android Studio\jbr\bin\nio.dll
0x00007ffd84470000 - 0x00007ffd84480000 	C:\Program Files\Android\Android Studio\jbr\bin\verify.dll
0x00007ffd84400000 - 0x00007ffd84427000 	C:\Users\anbu2\.gradle\native\c067742578af261105cb4f569cf0c3c89f3d7b1fecec35dd04571415982c5e48\windows-amd64\native-platform.dll
0x00007ffd20880000 - 0x00007ffd209c4000 	C:\Users\anbu2\.gradle\native\38dada09dfb8b06ba9b0570ebf7e218e3eb74d4ef43ca46872605cf95ebc2f47\windows-amd64\native-platform-file-events.dll
0x00007ffd86df0000 - 0x00007ffd86df9000 	C:\Program Files\Android\Android Studio\jbr\bin\management.dll
0x00007ffd84f60000 - 0x00007ffd84f6b000 	C:\Program Files\Android\Android Studio\jbr\bin\management_ext.dll
0x00007ffda0660000 - 0x00007ffda0668000 	C:\WINDOWS\System32\PSAPI.DLL
0x00007ffd9e1a0000 - 0x00007ffd9e1bb000 	C:\WINDOWS\SYSTEM32\CRYPTSP.dll
0x00007ffd9d990000 - 0x00007ffd9d9c5000 	C:\WINDOWS\system32\rsaenh.dll
0x00007ffd9e040000 - 0x00007ffd9e068000 	C:\WINDOWS\SYSTEM32\USERENV.dll
0x00007ffd9e1c0000 - 0x00007ffd9e1cc000 	C:\WINDOWS\SYSTEM32\CRYPTBASE.dll
0x00007ffd9d410000 - 0x00007ffd9d43d000 	C:\WINDOWS\SYSTEM32\IPHLPAPI.DLL
0x00007ffda09e0000 - 0x00007ffda09e9000 	C:\WINDOWS\System32\NSI.dll
0x00007ffd9ae60000 - 0x00007ffd9ae79000 	C:\WINDOWS\SYSTEM32\dhcpcsvc6.DLL
0x00007ffd9ae40000 - 0x00007ffd9ae5f000 	C:\WINDOWS\SYSTEM32\dhcpcsvc.DLL
0x00007ffd9d480000 - 0x00007ffd9d578000 	C:\WINDOWS\SYSTEM32\DNSAPI.dll
0x00007ffd97f30000 - 0x00007ffd97f39000 	C:\Program Files\Android\Android Studio\jbr\bin\extnet.dll
0x00007ffd66270000 - 0x00007ffd66278000 	C:\WINDOWS\system32\wshunix.dll

dbghelp: loaded successfully - version: 4.0.5 - missing functions: none
symbol engine: initialized successfully - sym options: 0x614 - pdb path: .;C:\Program Files\Android\Android Studio\jbr\bin;C:\WINDOWS\SYSTEM32;C:\WINDOWS\WinSxS\amd64_microsoft.windows.common-controls_6595b64144ccf1df_6.0.22621.3672_none_2713b9d173822955;C:\Program Files\Android\Android Studio\jbr\bin\server;C:\Users\anbu2\.gradle\native\c067742578af261105cb4f569cf0c3c89f3d7b1fecec35dd04571415982c5e48\windows-amd64;C:\Users\anbu2\.gradle\native\38dada09dfb8b06ba9b0570ebf7e218e3eb74d4ef43ca46872605cf95ebc2f47\windows-amd64

VM Arguments:
jvm_args: -XX:MaxMetaspaceSize=512m --add-opens=java.base/java.util=ALL-UNNAMED --add-opens=java.base/java.lang=ALL-UNNAMED --add-opens=java.base/java.lang.invoke=ALL-UNNAMED --add-opens=java.prefs/java.util.prefs=ALL-UNNAMED --add-opens=java.base/java.nio.charset=ALL-UNNAMED --add-opens=java.base/java.net=ALL-UNNAMED --add-opens=java.base/java.util.concurrent.atomic=ALL-UNNAMED -Xmx2048m -Dfile.encoding=windows-1252 -Duser.country=IN -Duser.language=en -Duser.variant -javaagent:C:\Users\anbu2\.gradle\wrapper\dists\gradle-8.6-all\3mbtmo166bl6vumsh5k2lkq5h\gradle-8.6\lib\agents\gradle-instrumentation-agent-8.6.jar 
java_command: org.gradle.launcher.daemon.bootstrap.GradleDaemon 8.6
java_class_path (initial): C:\Users\anbu2\.gradle\wrapper\dists\gradle-8.6-all\3mbtmo166bl6vumsh5k2lkq5h\gradle-8.6\lib\gradle-launcher-8.6.jar
Launcher Type: SUN_STANDARD

[Global flags]
     intx CICompilerCount                          = 4                                         {product} {ergonomic}
   size_t CompressedClassSpaceSize                 = 436207616                                 {product} {ergonomic}
     uint ConcGCThreads                            = 2                                         {product} {ergonomic}
     uint G1ConcRefinementThreads                  = 8                                         {product} {ergonomic}
   size_t G1HeapRegionSize                         = 1048576                                   {product} {ergonomic}
    uintx GCDrainStackTargetSize                   = 64                                        {product} {ergonomic}
   size_t InitialHeapSize                          = 266338304                                 {product} {ergonomic}
   size_t MarkStackSize                            = 4194304                                   {product} {ergonomic}
   size_t MaxHeapSize                              = 2147483648                                {product} {command line}
   size_t MaxMetaspaceSize                         = 536870912                                 {product} {command line}
   size_t MaxNewSize                               = 1287651328                                {product} {ergonomic}
   size_t MinHeapDeltaBytes                        = 1048576                                   {product} {ergonomic}
   size_t MinHeapSize                              = 8388608                                   {product} {ergonomic}
    uintx NonNMethodCodeHeapSize                   = 5839372                                {pd product} {ergonomic}
    uintx NonProfiledCodeHeapSize                  = 122909434                              {pd product} {ergonomic}
    uintx ProfiledCodeHeapSize                     = 122909434                              {pd product} {ergonomic}
    uintx ReservedCodeCacheSize                    = 251658240                              {pd product} {ergonomic}
     bool SegmentedCodeCache                       = true                                      {product} {ergonomic}
   size_t SoftMaxHeapSize                          = 2147483648                             {manageable} {ergonomic}
     bool UseCompressedClassPointers               = true                           {product lp64_product} {ergonomic}
     bool UseCompressedOops                        = true                           {product lp64_product} {ergonomic}
     bool UseG1GC                                  = true                                      {product} {ergonomic}
     bool UseLargePagesIndividualAllocation        = false                                  {pd product} {ergonomic}

Logging:
Log output configuration:
 #0: stdout all=warning uptime,level,tags
 #1: stderr all=off uptime,level,tags

Environment Variables:
PATH=C:\Program Files\Common Files\Oracle\Java\javapath;C:\WINDOWS\system32;C:\WINDOWS;C:\WINDOWS\System32\Wbem;C:\WINDOWS\System32\WindowsPowerShell\v1.0\;C:\WINDOWS\System32\OpenSSH\;C:\python;C:\python\Scripts;C:\Program Files\dotnet\;C:\ProgramData\chocolatey\bin;C:\Program Files\nodejs\;C:\Program Files\Git\cmd;C:\Program Files\Microsoft SQL Server\Client SDK\ODBC\170\Tools\Binn\;C:\Program Files\Microsoft SQL Server\150\Tools\Binn\;C:\Program Files\MongoDB\Server\7.0\bin;C:\Users\anbu2\AppData\Local\Programs\Microsoft VS Code\bin;C:\Users\anbu2\.dotnet\tools
USERNAME=anbu2
OS=Windows_NT
PROCESSOR_IDENTIFIER=Intel64 Family 6 Model 140 Stepping 1, GenuineIntel
TMP=C:\Users\anbu2\AppData\Local\Temp
TEMP=C:\Users\anbu2\AppData\Local\Temp



Periodic native trim disabled

JNI global refs:
JNI global refs: 28, weak refs: 0

JNI global refs memory usage: 843, weak refs: 841

Process memory usage:
Resident Set Size: 328348K (1% of 16555320K total physical memory with 412048K free physical memory)

OOME stack traces (most recent first):
Classloader memory used:
Loader org.gradle.internal.classloader.VisitableURLClassLoader                         : 4673K
Loader bootstrap                                                                       : 2682K
Loader org.gradle.initialization.MixInLegacyTypesClassLoader                           : 1330K
Loader org.gradle.internal.classloader.VisitableURLClassLoader$InstrumentingVisitableURLClassLoader: 522K
Loader jdk.internal.loader.ClassLoaders$PlatformClassLoader                            : 66831B
Loader jdk.internal.reflect.DelegatingClassLoader                                      : 45650B
Loader org.gradle.groovy.scripts.internal.DefaultScriptCompilationHandler$ScriptClassLoader: 33734B
Loader jdk.internal.loader.ClassLoaders$AppClassLoader                                 : 28733B
Loader org.gradle.internal.classloader.VisitableURLClassLoader                         : 20374B
Loader org.codehaus.groovy.runtime.callsite.CallSiteClassLoader                        : 8294B
Loader sun.reflect.misc.MethodUtil                                                     : 373B

Classes loaded by more than one classloader:
Class Program                                                                         : loaded 4 times (x 70B)
Class org.gradle.internal.classpath.ClassPath                                         : loaded 2 times (x 68B)
Class org.gradle.api.internal.classpath.DefaultModuleRegistry                         : loaded 2 times (x 84B)
Class org.gradle.api.Action                                                           : loaded 2 times (x 68B)
Class org.gradle.api.internal.DefaultClassPathProvider                                : loaded 2 times (x 74B)
Class org.gradle.internal.installation.GradleInstallation$1                           : loaded 2 times (x 73B)
Class org.gradle.internal.classloader.FilteringClassLoader                            : loaded 2 times (x 103B)
Class org.gradle.internal.classpath.DefaultClassPath$ImmutableUniqueList$Builder      : loaded 2 times (x 73B)
Class org.gradle.internal.classloader.ClassLoaderVisitor                              : loaded 2 times (x 74B)
Class org.gradle.internal.service.DefaultServiceLocator                               : loaded 2 times (x 81B)
Class org.gradle.internal.service.UnknownServiceException                             : loaded 2 times (x 81B)
Class org.gradle.internal.classloader.DefaultClassLoaderFactory                       : loaded 2 times (x 80B)
Class org.gradle.internal.classloader.VisitableURLClassLoader$Spec                    : loaded 2 times (x 72B)
Class org.gradle.api.GradleException                                                  : loaded 2 times (x 80B)
Class org.gradle.api.internal.classpath.ModuleRegistry                                : loaded 2 times (x 68B)
Class org.gradle.api.internal.ClassPathProvider                                       : loaded 2 times (x 68B)
Class org.gradle.internal.classloader.ClasspathUtil$1                                 : loaded 2 times (x 74B)
Class org.gradle.internal.classloader.ClassLoaderFactory                              : loaded 2 times (x 68B)
Class org.gradle.api.internal.classpath.ManifestUtil                                  : loaded 2 times (x 69B)
Class org.gradle.api.specs.Spec                                                       : loaded 2 times (x 68B)
Class org.gradle.internal.IoActions                                                   : loaded 2 times (x 69B)
Class org.gradle.api.internal.classpath.EffectiveClassPath                            : loaded 2 times (x 88B)
Class org.gradle.internal.installation.CurrentGradleInstallation                      : loaded 2 times (x 71B)
Class org.gradle.internal.agents.InstrumentingClassLoader                             : loaded 2 times (x 68B)
Class org.gradle.internal.installation.CurrentGradleInstallationLocator               : loaded 2 times (x 69B)
Class org.gradle.api.internal.classpath.Module                                        : loaded 2 times (x 68B)
Class org.gradle.internal.service.CachingServiceLocator                               : loaded 2 times (x 80B)
Class org.gradle.internal.classpath.DefaultClassPath                                  : loaded 2 times (x 88B)
Class Build_gradle$1                                                                  : loaded 2 times (x 76B)
Class org.gradle.internal.classloader.SystemClassLoaderSpec                           : loaded 2 times (x 69B)
Class org.gradle.api.UncheckedIOException                                             : loaded 2 times (x 80B)
Class org.gradle.internal.installation.GradleInstallation                             : loaded 2 times (x 73B)
Class org.gradle.internal.classloader.ClasspathUtil                                   : loaded 2 times (x 69B)
Class org.gradle.api.internal.DefaultClassPathRegistry                                : loaded 2 times (x 74B)
Class org.gradle.api.internal.classpath.DefaultModuleRegistry$DefaultModule           : loaded 2 times (x 84B)
Class org.gradle.api.internal.classpath.UnknownModuleException                        : loaded 2 times (x 80B)
Class org.gradle.internal.service.ServiceLookupException                              : loaded 2 times (x 80B)
Class org.gradle.cache.GlobalCache                                                    : loaded 2 times (x 68B)
Class [Lorg.gradle.api.internal.ClassPathProvider;                                    : loaded 2 times (x 67B)
Class org.gradle.util.internal.GUtil                                                  : loaded 2 times (x 69B)
Class org.gradle.internal.classloader.ClassLoaderSpec                                 : loaded 2 times (x 69B)
Class org.gradle.internal.classloader.VisitableURLClassLoader                         : loaded 2 times (x 115B)
Class org.gradle.internal.Cast                                                        : loaded 2 times (x 69B)
Class Build_gradle                                                                    : loaded 2 times (x 128B)
Class org.gradle.api.internal.ClassPathRegistry                                       : loaded 2 times (x 68B)
Class org.gradle.internal.classloader.VisitableURLClassLoader$InstrumentingVisitableURLClassLoader: loaded 2 times (x 121B)
Class org.gradle.internal.classloader.ClassLoaderHierarchy                            : loaded 2 times (x 68B)
Class org.gradle.internal.InternalTransformer                                         : loaded 2 times (x 68B)
Class org.gradle.internal.service.ServiceLocator                                      : loaded 2 times (x 68B)
Class org.gradle.internal.classpath.DefaultClassPath$ImmutableUniqueList              : loaded 2 times (x 159B)
Class org.gradle.internal.classpath.TransformedClassPath                              : loaded 2 times (x 94B)
Class Settings_gradle                                                                 : loaded 2 times (x 126B)


---------------  S Y S T E M  ---------------

OS:
 Windows 11 , 64 bit Build 22621 (10.0.22621.3958)
OS uptime: 0 days 1:03 hours
Hyper-V role detected

CPU: total 8 (initial active 8) (4 cores per cpu, 2 threads per core) family 6 model 140 stepping 1 microcode 0xb6, cx8, cmov, fxsr, ht, mmx, 3dnowpref, sse, sse2, sse3, ssse3, sse4.1, sse4.2, popcnt, lzcnt, tsc, tscinvbit, avx, avx2, aes, erms, clmul, bmi1, bmi2, adx, avx512f, avx512dq, avx512cd, avx512bw, avx512vl, sha, fma, vzeroupper, avx512_vpopcntdq, avx512_vpclmulqdq, avx512_vaes, avx512_vnni, clflush, clflushopt, clwb, avx512_vbmi2, avx512_vbmi, hv
Processor Information for all 8 processors :
  Max Mhz: 2419, Current Mhz: 2419, Mhz Limit: 2419

Memory: 4k page, system-wide physical 16167M (402M free)
TotalPageFile size 16167M (AvailPageFile size 49M)
current process WorkingSet (physical memory assigned to process): 320M, peak: 322M
current process commit charge ("private bytes"): 351M, peak: 441M

vm_info: OpenJDK 64-Bit Server VM (17.0.11+0--11852314) for windows-amd64 JRE (17.0.11+0--11852314), built on May 16 2024 21:29:20 by "androidbuild" with MS VC++ 16.10 / 16.11 (VS2019)

END.
